{"level":"info","message":"Database connected successfully","timestamp":"2024-07-02T17:19:56.637Z"}
{"level":"info","message":"{\"method\":\"POST\",\"url\":\"/user/register\",\"status\":\"200\",\"responseTime\":\"771.014\"}","timestamp":"2024-07-02T17:20:22.747Z"}
{"level":"info","message":"eyJhbGciOiJIUzI1NiIsInR5cCI6IkpXVCJ9.eyJlbWFpbCI6ImphdmlkQGdtYWlsLmNvbSIsImlhdCI6MTcxOTk0MDg0MywiZXhwIjoxNzE5OTQ0NDQzfQ.bmBbLXftbFNfeuaiW3dGpm2OZNs8U4_ZWFJsll8j2V4","timestamp":"2024-07-02T17:20:43.077Z"}
{"level":"info","message":"{\"method\":\"POST\",\"url\":\"/user/login\",\"status\":\"200\",\"responseTime\":\"439.744\"}","timestamp":"2024-07-02T17:20:43.080Z"}
{"level":"info","message":[{"__v":0,"_id":"668428c6041da2742db166cd","email":"wajid@gmail.com","password":"$2b$10$31NWMo7RwXYxlryBxBNiPeYC2pT2X9BnAshCJT.A4gJyCusFnbjmq"},{"__v":0,"_id":"66842a188516524e0807272e","email":"ali@gmail.com","password":"$2b$10$Qnut/1icFc6kICo7zOK97.6t5tc3qzejwxzF30yLzVkKe8U5cKTAW"},{"__v":0,"_id":"66843590aadc99c047b033e0","createdAt":"2024-07-02T17:14:56.716Z","email":"sajid@gmail.com","password":"$2b$10$C6JSSxI/FD1P.LVcGT2EbuoNuItVqzygsMhgE/VeovBfsYEFdobGu","updatedAt":"2024-07-02T17:14:56.716Z"},{"__v":0,"_id":"668436d6d751b3860796c82e","createdAt":"2024-07-02T17:20:22.585Z","email":"javid@gmail.com","password":"$2b$10$XK3K83715zQhwndWzLbD8OUuZiYPzdGl/4iXVOihwN.9Ax5vKmbaW","updatedAt":"2024-07-02T17:20:22.585Z"}],"timestamp":"2024-07-02T17:21:02.447Z"}
{"level":"info","message":"{\"method\":\"GET\",\"url\":\"/user/users\",\"status\":\"200\",\"responseTime\":\"6914.567\"}","timestamp":"2024-07-02T17:21:02.462Z"}
{"level":"info","message":"Database connected successfully"}
{"level":"info","message":[{"__v":0,"_id":"668428c6041da2742db166cd","email":"wajid@gmail.com","password":"$2b$10$31NWMo7RwXYxlryBxBNiPeYC2pT2X9BnAshCJT.A4gJyCusFnbjmq"},{"__v":0,"_id":"66842a188516524e0807272e","email":"ali@gmail.com","password":"$2b$10$Qnut/1icFc6kICo7zOK97.6t5tc3qzejwxzF30yLzVkKe8U5cKTAW"},{"__v":0,"_id":"66843590aadc99c047b033e0","createdAt":"2024-07-02T17:14:56.716Z","email":"sajid@gmail.com","password":"$2b$10$C6JSSxI/FD1P.LVcGT2EbuoNuItVqzygsMhgE/VeovBfsYEFdobGu","updatedAt":"2024-07-02T17:14:56.716Z"},{"__v":0,"_id":"668436d6d751b3860796c82e","createdAt":"2024-07-02T17:20:22.585Z","email":"javid@gmail.com","password":"$2b$10$XK3K83715zQhwndWzLbD8OUuZiYPzdGl/4iXVOihwN.9Ax5vKmbaW","updatedAt":"2024-07-02T17:20:22.585Z"}]}
{"level":"info","message":"{\"method\":\"GET\",\"url\":\"/user/users\",\"status\":\"200\",\"responseTime\":\"664.480\"}"}
{"level":"info","message":"Database connected successfully","timestamp":"2024-07-02T17:22:17.702Z"}
{"level":"info","message":"Database connected successfully","timestamp":"2024-07-02T17:22:38.105Z"}
{"level":"info","message":[{"__v":0,"_id":"668428c6041da2742db166cd","email":"wajid@gmail.com","password":"$2b$10$31NWMo7RwXYxlryBxBNiPeYC2pT2X9BnAshCJT.A4gJyCusFnbjmq"},{"__v":0,"_id":"66842a188516524e0807272e","email":"ali@gmail.com","password":"$2b$10$Qnut/1icFc6kICo7zOK97.6t5tc3qzejwxzF30yLzVkKe8U5cKTAW"},{"__v":0,"_id":"66843590aadc99c047b033e0","createdAt":"2024-07-02T17:14:56.716Z","email":"sajid@gmail.com","password":"$2b$10$C6JSSxI/FD1P.LVcGT2EbuoNuItVqzygsMhgE/VeovBfsYEFdobGu","updatedAt":"2024-07-02T17:14:56.716Z"},{"__v":0,"_id":"668436d6d751b3860796c82e","createdAt":"2024-07-02T17:20:22.585Z","email":"javid@gmail.com","password":"$2b$10$XK3K83715zQhwndWzLbD8OUuZiYPzdGl/4iXVOihwN.9Ax5vKmbaW","updatedAt":"2024-07-02T17:20:22.585Z"}],"timestamp":"2024-07-02T17:22:38.744Z"}
{"level":"info","message":"{\"method\":\"GET\",\"url\":\"/user/users\",\"status\":\"200\",\"responseTime\":\"5746.085\"}","timestamp":"2024-07-02T17:22:38.766Z"}
{"level":"info","message":"Database connected successfully","timestamp":"2024-07-02T17:22:58.984Z"}
{"level":"info","message":"Database connected successfully"}
{"level":"info","message":[{"__v":0,"_id":"668428c6041da2742db166cd","email":"wajid@gmail.com","password":"$2b$10$31NWMo7RwXYxlryBxBNiPeYC2pT2X9BnAshCJT.A4gJyCusFnbjmq"},{"__v":0,"_id":"66842a188516524e0807272e","email":"ali@gmail.com","password":"$2b$10$Qnut/1icFc6kICo7zOK97.6t5tc3qzejwxzF30yLzVkKe8U5cKTAW"},{"__v":0,"_id":"66843590aadc99c047b033e0","createdAt":"2024-07-02T17:14:56.716Z","email":"sajid@gmail.com","password":"$2b$10$C6JSSxI/FD1P.LVcGT2EbuoNuItVqzygsMhgE/VeovBfsYEFdobGu","updatedAt":"2024-07-02T17:14:56.716Z"},{"__v":0,"_id":"668436d6d751b3860796c82e","createdAt":"2024-07-02T17:20:22.585Z","email":"javid@gmail.com","password":"$2b$10$XK3K83715zQhwndWzLbD8OUuZiYPzdGl/4iXVOihwN.9Ax5vKmbaW","updatedAt":"2024-07-02T17:20:22.585Z"}]}
{"level":"info","message":"{\"method\":\"GET\",\"url\":\"/user/users\",\"status\":\"200\",\"responseTime\":\"183.739\"}"}
{"level":"info","message":"Database connected successfully","timestamp":"2024-07-02T17:23:45.447Z"}
{"level":"info","message":"Database connected successfully","timestamp":"2024-07-02T17:24:06.582Z"}
{"level":"info","message":[{"__v":0,"_id":"668428c6041da2742db166cd","email":"wajid@gmail.com","password":"$2b$10$31NWMo7RwXYxlryBxBNiPeYC2pT2X9BnAshCJT.A4gJyCusFnbjmq"},{"__v":0,"_id":"66842a188516524e0807272e","email":"ali@gmail.com","password":"$2b$10$Qnut/1icFc6kICo7zOK97.6t5tc3qzejwxzF30yLzVkKe8U5cKTAW"},{"__v":0,"_id":"66843590aadc99c047b033e0","createdAt":"2024-07-02T17:14:56.716Z","email":"sajid@gmail.com","password":"$2b$10$C6JSSxI/FD1P.LVcGT2EbuoNuItVqzygsMhgE/VeovBfsYEFdobGu","updatedAt":"2024-07-02T17:14:56.716Z"},{"__v":0,"_id":"668436d6d751b3860796c82e","createdAt":"2024-07-02T17:20:22.585Z","email":"javid@gmail.com","password":"$2b$10$XK3K83715zQhwndWzLbD8OUuZiYPzdGl/4iXVOihwN.9Ax5vKmbaW","updatedAt":"2024-07-02T17:20:22.585Z"}],"timestamp":"2024-07-02T17:24:11.632Z"}
{"level":"info","message":"{\"method\":\"GET\",\"url\":\"/user/users\",\"status\":\"200\",\"responseTime\":\"128.214\"}","timestamp":"2024-07-02T17:24:11.656Z"}
{"level":"info","message":"Database connected successfully","timestamp":"2024-07-02T17:35:07.575Z"}
{"level":"info","message":"Database connected successfully","timestamp":"2024-07-03T13:33:31.622Z"}
{"level":"warn","message":"Access Denied: No Authorization header","timestamp":"2024-07-03T13:53:17.247Z"}
{"level":"info","message":"{\"method\":\"OPTIONS\",\"url\":\"/user/login\",\"status\":\"401\",\"responseTime\":\"5.110\"}","timestamp":"2024-07-03T13:53:17.260Z"}
{"level":"warn","message":"Access Denied: No Authorization header","timestamp":"2024-07-03T13:53:18.664Z"}
{"level":"info","message":"{\"method\":\"OPTIONS\",\"url\":\"/user/login\",\"status\":\"401\",\"responseTime\":\"1.621\"}","timestamp":"2024-07-03T13:53:18.666Z"}
{"level":"warn","message":"Access Denied: No Authorization header","timestamp":"2024-07-03T14:03:32.216Z"}
{"level":"info","message":"{\"method\":\"OPTIONS\",\"url\":\"/user/login\",\"status\":\"401\",\"responseTime\":\"1.653\"}","timestamp":"2024-07-03T14:03:32.218Z"}
{"level":"info","message":"Database connected successfully","timestamp":"2024-07-03T14:03:49.985Z"}
{"level":"warn","message":"Access Denied: No Authorization header","timestamp":"2024-07-03T14:04:18.405Z"}
{"level":"info","message":"{\"method\":\"OPTIONS\",\"url\":\"/user/login\",\"status\":\"401\",\"responseTime\":\"5.574\"}","timestamp":"2024-07-03T14:04:18.414Z"}
{"level":"info","message":"Database connected successfully","timestamp":"2024-07-03T14:13:08.989Z"}
{"level":"warn","message":"Access Denied: No Authorization header","timestamp":"2024-07-03T14:13:18.171Z"}
{"level":"info","message":"{\"method\":\"OPTIONS\",\"url\":\"/user/login\",\"status\":\"401\",\"responseTime\":\"5.613\"}","timestamp":"2024-07-03T14:13:18.179Z"}
{"level":"info","message":"Database connected successfully","timestamp":"2024-07-03T14:16:50.495Z"}
{"level":"info","message":"Database connected successfully","timestamp":"2024-07-03T14:17:10.068Z"}
{"level":"info","message":"Database connected successfully","timestamp":"2024-07-03T14:17:34.246Z"}
{"level":"info","message":"{\"method\":\"OPTIONS\",\"url\":\"/user/login\",\"status\":\"204\",\"responseTime\":\"1.729\"}","timestamp":"2024-07-03T14:17:39.376Z"}
{"level":"info","message":"eyJhbGciOiJIUzI1NiIsInR5cCI6IkpXVCJ9.eyJlbWFpbCI6InNhamlkQGdtYWlsLmNvbSIsImlhdCI6MTcyMDAxNjI1OSwiZXhwIjoxNzIwMDE5ODU5fQ.QrN2gvOw1Kz9r-alnnvuSX4kiAeXSYMQmzHQ8iLfs1Y","timestamp":"2024-07-03T14:17:39.928Z"}
{"level":"info","message":"{\"method\":\"POST\",\"url\":\"/user/login\",\"status\":\"200\",\"responseTime\":\"199.906\"}","timestamp":"2024-07-03T14:17:39.934Z"}
{"level":"info","message":"{\"method\":\"OPTIONS\",\"url\":\"/user/login\",\"status\":\"204\",\"responseTime\":\"0.350\"}","timestamp":"2024-07-03T14:54:45.347Z"}
{"level":"error","message":"User does not exist","timestamp":"2024-07-03T14:54:45.428Z"}
{"level":"info","message":"{\"method\":\"POST\",\"url\":\"/user/login\",\"status\":\"400\",\"responseTime\":\"77.225\"}","timestamp":"2024-07-03T14:54:45.432Z"}
{"level":"info","message":"Database connected successfully","timestamp":"2024-07-04T12:53:46.360Z"}
{"level":"info","message":"Database connected successfully","timestamp":"2024-07-04T13:11:54.717Z"}
{"level":"info","message":"Database connected successfully","timestamp":"2024-07-04T13:12:38.941Z"}
{"level":"info","message":"Database connected successfully","timestamp":"2024-07-04T13:17:58.335Z"}
{"level":"info","message":"Database connected successfully","timestamp":"2024-07-04T13:19:55.044Z"}
{"level":"info","message":"Database connected successfully","timestamp":"2024-07-04T13:20:21.990Z"}
{"level":"info","message":"Database connected successfully","timestamp":"2024-07-04T13:20:35.247Z"}
{"level":"info","message":"Database connected successfully","timestamp":"2024-07-04T13:21:18.167Z"}
{"level":"info","message":"Database connected successfully","timestamp":"2024-07-04T13:21:30.228Z"}
{"level":"info","message":"Database connected successfully","timestamp":"2024-07-04T13:21:39.272Z"}
{"level":"info","message":"Database connected successfully","timestamp":"2024-07-04T13:21:54.409Z"}
{"level":"info","message":"Database connected successfully","timestamp":"2024-07-04T13:22:06.520Z"}
{"level":"info","message":"Database connected successfully","timestamp":"2024-07-04T13:25:19.591Z"}
{"level":"info","message":"Database connected successfully","timestamp":"2024-07-04T13:25:35.750Z"}
{"level":"info","message":"Database connected successfully","timestamp":"2024-07-04T13:26:18.285Z"}
{"level":"info","message":"Database connected successfully","timestamp":"2024-07-04T13:26:50.129Z"}
{"level":"info","message":"Database connected successfully","timestamp":"2024-07-04T13:27:31.637Z"}
{"level":"info","message":"Database connected successfully","timestamp":"2024-07-04T13:27:35.067Z"}
{"level":"info","message":"eyJhbGciOiJIUzI1NiIsInR5cCI6IkpXVCJ9.eyJlbWFpbCI6ImphdmlkQGdtYWlsLmNvbSIsImlhdCI6MTcyMDA5OTY3MiwiZXhwIjoxNzIwMTAzMjcyfQ.lTRYBkeEGYeIcCmkNQTV1p1M6kLZQtmKnXm06Sz3zZA","timestamp":"2024-07-04T13:27:52.787Z"}
{"level":"info","message":"{\"method\":\"POST\",\"url\":\"/user/login\",\"status\":\"200\",\"responseTime\":\"222.218\"}","timestamp":"2024-07-04T13:27:52.800Z"}
{"level":"error","message":"Cannot read properties of undefined (reading 'email')","timestamp":"2024-07-04T13:28:53.118Z"}
{"level":"info","message":"{\"method\":\"GET\",\"url\":\"/user/user\",\"status\":\"500\",\"responseTime\":\"9.105\"}","timestamp":"2024-07-04T13:28:53.121Z"}
{"level":"info","message":"Database connected successfully","timestamp":"2024-07-04T13:29:47.733Z"}
{"level":"error","message":"Cannot read properties of undefined (reading 'email')","timestamp":"2024-07-04T13:29:49.120Z"}
{"level":"info","message":"{\"method\":\"GET\",\"url\":\"/user/user\",\"status\":\"500\",\"responseTime\":\"11.385\"}","timestamp":"2024-07-04T13:29:49.127Z"}
{"level":"info","message":"Database connected successfully","timestamp":"2024-07-04T13:30:27.415Z"}
{"level":"info","message":"Database connected successfully","timestamp":"2024-07-04T13:30:53.609Z"}
{"level":"error","message":"Cannot read properties of undefined (reading 'email')","timestamp":"2024-07-04T13:30:56.048Z"}
{"level":"info","message":"{\"method\":\"GET\",\"url\":\"/user/user\",\"status\":\"500\",\"responseTime\":\"16.715\"}","timestamp":"2024-07-04T13:30:56.061Z"}
{"level":"info","message":"Database connected successfully","timestamp":"2024-07-04T13:31:12.149Z"}
{"level":"error","message":"Cannot read properties of undefined (reading 'email')","timestamp":"2024-07-04T13:31:14.088Z"}
{"level":"info","message":"{\"method\":\"GET\",\"url\":\"/user/user\",\"status\":\"500\",\"responseTime\":\"15.374\"}","timestamp":"2024-07-04T13:31:14.097Z"}
{"level":"info","message":"Database connected successfully","timestamp":"2024-07-04T13:31:28.696Z"}
{"level":"error","message":"Cannot read properties of undefined (reading 'email')","timestamp":"2024-07-04T13:31:30.204Z"}
{"level":"info","message":"{\"method\":\"GET\",\"url\":\"/user/user\",\"status\":\"500\",\"responseTime\":\"21.769\"}","timestamp":"2024-07-04T13:31:30.219Z"}
{"level":"info","message":"Database connected successfully","timestamp":"2024-07-04T13:32:14.317Z"}
{"level":"info","message":"Database connected successfully","timestamp":"2024-07-04T13:32:21.491Z"}
{"level":"info","message":{"__v":0,"_id":"668436d6d751b3860796c82e","createdAt":"2024-07-02T17:20:22.585Z","email":"javid@gmail.com","password":"$2b$10$XK3K83715zQhwndWzLbD8OUuZiYPzdGl/4iXVOihwN.9Ax5vKmbaW","updatedAt":"2024-07-02T17:20:22.585Z"},"timestamp":"2024-07-04T13:32:22.906Z"}
{"level":"info","message":"{\"method\":\"GET\",\"url\":\"/user/user\",\"status\":\"200\",\"responseTime\":\"138.919\"}","timestamp":"2024-07-04T13:32:22.927Z"}
{"level":"info","message":"Database connected successfully","timestamp":"2024-07-04T13:32:40.085Z"}
{"level":"info","message":"Database connected successfully","timestamp":"2024-07-04T13:33:27.084Z"}
{"level":"info","message":"Database connected successfully","timestamp":"2024-07-04T13:33:41.439Z"}
{"level":"info","message":"javid@gmail.com","timestamp":"2024-07-04T13:33:47.008Z"}
{"level":"info","message":"{\"method\":\"GET\",\"url\":\"/user/user\",\"status\":\"200\",\"responseTime\":\"100.295\"}","timestamp":"2024-07-04T13:33:47.021Z"}
{"level":"info","message":"{\"method\":\"OPTIONS\",\"url\":\"/user/user\",\"status\":\"204\",\"responseTime\":\"0.914\"}","timestamp":"2024-07-04T13:56:59.685Z"}
{"level":"error","message":"Invalid Token","timestamp":"2024-07-04T13:56:59.690Z"}
{"level":"info","message":"{\"method\":\"GET\",\"url\":\"/user/user\",\"status\":\"400\",\"responseTime\":\"2.168\"}","timestamp":"2024-07-04T13:56:59.693Z"}
{"level":"error","message":"Invalid Token","timestamp":"2024-07-04T13:57:00.988Z"}
{"level":"info","message":"{\"method\":\"GET\",\"url\":\"/user/user\",\"status\":\"400\",\"responseTime\":\"2.220\"}","timestamp":"2024-07-04T13:57:00.991Z"}
{"level":"error","message":"Invalid Token","timestamp":"2024-07-04T13:57:01.471Z"}
{"level":"info","message":"{\"method\":\"GET\",\"url\":\"/user/user\",\"status\":\"400\",\"responseTime\":\"2.843\"}","timestamp":"2024-07-04T13:57:01.475Z"}
{"level":"error","message":"Invalid Token","timestamp":"2024-07-04T13:57:01.697Z"}
{"level":"info","message":"{\"method\":\"GET\",\"url\":\"/user/user\",\"status\":\"400\",\"responseTime\":\"2.204\"}","timestamp":"2024-07-04T13:57:01.699Z"}
{"level":"error","message":"Invalid Token","timestamp":"2024-07-04T13:57:01.839Z"}
{"level":"info","message":"{\"method\":\"GET\",\"url\":\"/user/user\",\"status\":\"400\",\"responseTime\":\"2.139\"}","timestamp":"2024-07-04T13:57:01.841Z"}
{"level":"error","message":"Invalid Token","timestamp":"2024-07-04T13:57:02.020Z"}
{"level":"info","message":"{\"method\":\"GET\",\"url\":\"/user/user\",\"status\":\"400\",\"responseTime\":\"1.658\"}","timestamp":"2024-07-04T13:57:02.022Z"}
{"level":"info","message":"{\"method\":\"OPTIONS\",\"url\":\"/user/user\",\"status\":\"204\",\"responseTime\":\"0.311\"}","timestamp":"2024-07-04T14:03:43.514Z"}
{"level":"error","message":"Invalid Token","timestamp":"2024-07-04T14:03:43.519Z"}
{"level":"info","message":"{\"method\":\"GET\",\"url\":\"/user/user\",\"status\":\"400\",\"responseTime\":\"1.545\"}","timestamp":"2024-07-04T14:03:43.521Z"}
{"level":"error","message":"Invalid Token","timestamp":"2024-07-04T14:03:43.977Z"}
{"level":"info","message":"{\"method\":\"GET\",\"url\":\"/user/user\",\"status\":\"400\",\"responseTime\":\"2.043\"}","timestamp":"2024-07-04T14:03:43.979Z"}
{"level":"info","message":"Database connected successfully","timestamp":"2024-07-04T14:04:48.932Z"}
{"level":"info","message":"Database connected successfully","timestamp":"2024-07-04T14:06:19.429Z"}
{"level":"info","message":"Database connected successfully","timestamp":"2024-07-04T14:06:54.163Z"}
{"level":"info","message":"Database connected successfully","timestamp":"2024-07-04T14:07:33.348Z"}
{"level":"info","message":"Database connected successfully","timestamp":"2024-07-04T14:07:38.338Z"}
{"level":"info","message":"Database connected successfully","timestamp":"2024-07-04T14:09:44.729Z"}
{"level":"info","message":"Database connected successfully","timestamp":"2024-07-04T14:10:00.532Z"}
{"level":"info","message":"Database connected successfully","timestamp":"2024-07-04T14:10:24.970Z"}
{"level":"info","message":"Database connected successfully","timestamp":"2024-07-04T14:11:03.645Z"}
{"level":"error","message":"Cannot read properties of undefined (reading 'trim')","timestamp":"2024-07-04T14:12:19.012Z"}
{"level":"info","message":"{\"method\":\"POST\",\"url\":\"/user/is-user\",\"status\":\"500\",\"responseTime\":\"8.445\"}","timestamp":"2024-07-04T14:12:19.021Z"}
{"level":"info","message":"Database connected successfully","timestamp":"2024-07-04T14:12:39.568Z"}
{"level":"info","message":"Database connected successfully","timestamp":"2024-07-04T14:13:01.396Z"}
{"level":"error","message":"Assignment to constant variable.","timestamp":"2024-07-04T14:13:23.436Z"}
{"level":"info","message":"{\"method\":\"POST\",\"url\":\"/user/is-user\",\"status\":\"500\",\"responseTime\":\"4.783\"}","timestamp":"2024-07-04T14:13:23.446Z"}
{"level":"info","message":"Database connected successfully","timestamp":"2024-07-04T14:13:56.366Z"}
{"level":"info","message":"javid@gmail.com","timestamp":"2024-07-04T14:13:57.547Z"}
{"level":"info","message":"{\"method\":\"POST\",\"url\":\"/user/is-user\",\"status\":\"200\",\"responseTime\":\"97.502\"}","timestamp":"2024-07-04T14:13:57.552Z"}
{"level":"info","message":"{\"method\":\"OPTIONS\",\"url\":\"/user/user\",\"status\":\"204\",\"responseTime\":\"0.795\"}","timestamp":"2024-07-04T14:15:15.689Z"}
{"level":"warn","message":"Access Denied: No Authorization header","timestamp":"2024-07-04T14:15:15.693Z"}
{"level":"info","message":"{\"method\":\"POST\",\"url\":\"/user/user\",\"status\":\"401\",\"responseTime\":\"1.617\"}","timestamp":"2024-07-04T14:15:15.694Z"}
{"level":"warn","message":"Access Denied: No Authorization header","timestamp":"2024-07-04T14:15:16.600Z"}
{"level":"info","message":"{\"method\":\"POST\",\"url\":\"/user/user\",\"status\":\"401\",\"responseTime\":\"1.261\"}","timestamp":"2024-07-04T14:15:16.601Z"}
{"level":"warn","message":"Access Denied: No Authorization header","timestamp":"2024-07-04T14:15:17.007Z"}
{"level":"info","message":"{\"method\":\"POST\",\"url\":\"/user/user\",\"status\":\"401\",\"responseTime\":\"1.673\"}","timestamp":"2024-07-04T14:15:17.009Z"}
{"level":"warn","message":"Access Denied: No Authorization header","timestamp":"2024-07-04T14:15:17.184Z"}
{"level":"info","message":"{\"method\":\"POST\",\"url\":\"/user/user\",\"status\":\"401\",\"responseTime\":\"2.038\"}","timestamp":"2024-07-04T14:15:17.186Z"}
{"level":"warn","message":"Access Denied: No Authorization header","timestamp":"2024-07-04T14:15:20.080Z"}
{"level":"info","message":"{\"method\":\"POST\",\"url\":\"/user/user\",\"status\":\"401\",\"responseTime\":\"1.369\"}","timestamp":"2024-07-04T14:15:20.081Z"}
{"level":"warn","message":"Access Denied: No Authorization header","timestamp":"2024-07-04T14:15:20.487Z"}
{"level":"info","message":"{\"method\":\"POST\",\"url\":\"/user/user\",\"status\":\"401\",\"responseTime\":\"1.744\"}","timestamp":"2024-07-04T14:15:20.489Z"}
{"level":"warn","message":"Access Denied: No Authorization header","timestamp":"2024-07-04T14:15:20.656Z"}
{"level":"info","message":"{\"method\":\"POST\",\"url\":\"/user/user\",\"status\":\"401\",\"responseTime\":\"2.405\"}","timestamp":"2024-07-04T14:15:20.659Z"}
{"level":"info","message":"{\"method\":\"OPTIONS\",\"url\":\"/user/user\",\"status\":\"204\",\"responseTime\":\"0.873\"}","timestamp":"2024-07-04T14:15:22.107Z"}
{"level":"warn","message":"Access Denied: No Authorization header","timestamp":"2024-07-04T14:15:22.111Z"}
{"level":"info","message":"{\"method\":\"POST\",\"url\":\"/user/user\",\"status\":\"401\",\"responseTime\":\"1.212\"}","timestamp":"2024-07-04T14:15:22.113Z"}
{"level":"warn","message":"Access Denied: No Authorization header","timestamp":"2024-07-04T14:15:22.273Z"}
{"level":"info","message":"{\"method\":\"POST\",\"url\":\"/user/user\",\"status\":\"401\",\"responseTime\":\"1.889\"}","timestamp":"2024-07-04T14:15:22.275Z"}
{"level":"warn","message":"Access Denied: No Authorization header","timestamp":"2024-07-04T14:15:22.449Z"}
{"level":"info","message":"{\"method\":\"POST\",\"url\":\"/user/user\",\"status\":\"401\",\"responseTime\":\"2.191\"}","timestamp":"2024-07-04T14:15:22.452Z"}
{"level":"warn","message":"Access Denied: No Authorization header","timestamp":"2024-07-04T14:15:22.631Z"}
{"level":"info","message":"{\"method\":\"POST\",\"url\":\"/user/user\",\"status\":\"401\",\"responseTime\":\"1.405\"}","timestamp":"2024-07-04T14:15:22.633Z"}
{"level":"warn","message":"Access Denied: No Authorization header","timestamp":"2024-07-04T14:15:22.814Z"}
{"level":"info","message":"{\"method\":\"POST\",\"url\":\"/user/user\",\"status\":\"401\",\"responseTime\":\"1.031\"}","timestamp":"2024-07-04T14:15:22.815Z"}
{"level":"warn","message":"Access Denied: No Authorization header","timestamp":"2024-07-04T14:15:23.015Z"}
{"level":"info","message":"{\"method\":\"POST\",\"url\":\"/user/user\",\"status\":\"401\",\"responseTime\":\"1.174\"}","timestamp":"2024-07-04T14:15:23.017Z"}
{"level":"warn","message":"Access Denied: No Authorization header","timestamp":"2024-07-04T14:15:23.239Z"}
{"level":"info","message":"{\"method\":\"POST\",\"url\":\"/user/user\",\"status\":\"401\",\"responseTime\":\"1.069\"}","timestamp":"2024-07-04T14:15:23.241Z"}
{"level":"warn","message":"Access Denied: No Authorization header","timestamp":"2024-07-04T14:15:23.432Z"}
{"level":"info","message":"{\"method\":\"POST\",\"url\":\"/user/user\",\"status\":\"401\",\"responseTime\":\"1.954\"}","timestamp":"2024-07-04T14:15:23.434Z"}
{"level":"warn","message":"Access Denied: No Authorization header","timestamp":"2024-07-04T14:15:23.640Z"}
{"level":"info","message":"{\"method\":\"POST\",\"url\":\"/user/user\",\"status\":\"401\",\"responseTime\":\"1.205\"}","timestamp":"2024-07-04T14:15:23.642Z"}
{"level":"warn","message":"Access Denied: No Authorization header","timestamp":"2024-07-04T14:15:23.824Z"}
{"level":"info","message":"{\"method\":\"POST\",\"url\":\"/user/user\",\"status\":\"401\",\"responseTime\":\"1.352\"}","timestamp":"2024-07-04T14:15:23.825Z"}
{"level":"warn","message":"Access Denied: No Authorization header","timestamp":"2024-07-04T14:15:24.047Z"}
{"level":"info","message":"{\"method\":\"POST\",\"url\":\"/user/user\",\"status\":\"401\",\"responseTime\":\"1.497\"}","timestamp":"2024-07-04T14:15:24.049Z"}
{"level":"warn","message":"Access Denied: No Authorization header","timestamp":"2024-07-04T14:15:24.271Z"}
{"level":"info","message":"{\"method\":\"POST\",\"url\":\"/user/user\",\"status\":\"401\",\"responseTime\":\"1.230\"}","timestamp":"2024-07-04T14:15:24.273Z"}
{"level":"warn","message":"Access Denied: No Authorization header","timestamp":"2024-07-04T14:15:24.473Z"}
{"level":"info","message":"{\"method\":\"POST\",\"url\":\"/user/user\",\"status\":\"401\",\"responseTime\":\"1.856\"}","timestamp":"2024-07-04T14:15:24.475Z"}
{"level":"info","message":"{\"method\":\"OPTIONS\",\"url\":\"/user/is-user\",\"status\":\"204\",\"responseTime\":\"0.920\"}","timestamp":"2024-07-04T14:16:27.442Z"}
{"level":"info","message":"javid@gmail.com","timestamp":"2024-07-04T14:16:27.526Z"}
{"level":"info","message":"{\"method\":\"POST\",\"url\":\"/user/is-user\",\"status\":\"200\",\"responseTime\":\"82.746\"}","timestamp":"2024-07-04T14:16:27.528Z"}
{"level":"info","message":"javid@gmail.com","timestamp":"2024-07-04T14:16:28.321Z"}
{"level":"info","message":"{\"method\":\"POST\",\"url\":\"/user/is-user\",\"status\":\"200\",\"responseTime\":\"83.296\"}","timestamp":"2024-07-04T14:16:28.323Z"}
{"level":"info","message":"{\"method\":\"OPTIONS\",\"url\":\"/user/is-user\",\"status\":\"204\",\"responseTime\":\"0.535\"}","timestamp":"2024-07-04T14:16:52.220Z"}
{"level":"info","message":"javid@gmail.com","timestamp":"2024-07-04T14:16:52.306Z"}
{"level":"info","message":"{\"method\":\"POST\",\"url\":\"/user/is-user\",\"status\":\"200\",\"responseTime\":\"82.991\"}","timestamp":"2024-07-04T14:16:52.307Z"}
{"level":"info","message":"javid@gmail.com","timestamp":"2024-07-04T14:16:52.872Z"}
{"level":"info","message":"{\"method\":\"POST\",\"url\":\"/user/is-user\",\"status\":\"200\",\"responseTime\":\"81.555\"}","timestamp":"2024-07-04T14:16:52.873Z"}
{"level":"info","message":"javid@gmail.com","timestamp":"2024-07-04T14:16:53.088Z"}
{"level":"info","message":"{\"method\":\"POST\",\"url\":\"/user/is-user\",\"status\":\"200\",\"responseTime\":\"82.355\"}","timestamp":"2024-07-04T14:16:53.090Z"}
{"level":"info","message":"javid@gmail.com","timestamp":"2024-07-04T14:16:53.364Z"}
{"level":"info","message":"{\"method\":\"POST\",\"url\":\"/user/is-user\",\"status\":\"200\",\"responseTime\":\"85.322\"}","timestamp":"2024-07-04T14:16:53.366Z"}
{"level":"info","message":"{\"method\":\"OPTIONS\",\"url\":\"/user/is-user\",\"status\":\"204\",\"responseTime\":\"0.253\"}","timestamp":"2024-07-04T14:17:51.505Z"}
{"level":"info","message":"javid@gmail.com","timestamp":"2024-07-04T14:17:51.588Z"}
{"level":"info","message":"{\"method\":\"POST\",\"url\":\"/user/is-user\",\"status\":\"200\",\"responseTime\":\"81.072\"}","timestamp":"2024-07-04T14:17:51.589Z"}
{"level":"info","message":"javid@gmail.com","timestamp":"2024-07-04T14:17:52.162Z"}
{"level":"info","message":"{\"method\":\"POST\",\"url\":\"/user/is-user\",\"status\":\"200\",\"responseTime\":\"82.800\"}","timestamp":"2024-07-04T14:17:52.164Z"}
{"level":"info","message":"javid@gmail.com","timestamp":"2024-07-04T14:17:52.341Z"}
{"level":"info","message":"{\"method\":\"POST\",\"url\":\"/user/is-user\",\"status\":\"200\",\"responseTime\":\"85.408\"}","timestamp":"2024-07-04T14:17:52.343Z"}
{"level":"info","message":"{\"method\":\"OPTIONS\",\"url\":\"/user/is-user\",\"status\":\"204\",\"responseTime\":\"0.162\"}","timestamp":"2024-07-04T14:21:13.649Z"}
{"level":"info","message":"javid@gmail.com","timestamp":"2024-07-04T14:21:13.733Z"}
{"level":"info","message":"{\"method\":\"POST\",\"url\":\"/user/is-user\",\"status\":\"200\",\"responseTime\":\"83.227\"}","timestamp":"2024-07-04T14:21:13.736Z"}
{"level":"info","message":"{\"method\":\"OPTIONS\",\"url\":\"/user/is-user\",\"status\":\"204\",\"responseTime\":\"0.361\"}","timestamp":"2024-07-04T14:22:09.630Z"}
{"level":"info","message":"javid@gmail.com","timestamp":"2024-07-04T14:22:09.719Z"}
{"level":"info","message":"{\"method\":\"POST\",\"url\":\"/user/is-user\",\"status\":\"200\",\"responseTime\":\"85.709\"}","timestamp":"2024-07-04T14:22:09.722Z"}
{"level":"info","message":"{\"method\":\"OPTIONS\",\"url\":\"/user/is-user\",\"status\":\"204\",\"responseTime\":\"0.163\"}","timestamp":"2024-07-04T14:24:34.170Z"}
{"level":"info","message":"javid@gmail.com","timestamp":"2024-07-04T14:24:34.252Z"}
{"level":"info","message":"{\"method\":\"POST\",\"url\":\"/user/is-user\",\"status\":\"200\",\"responseTime\":\"81.049\"}","timestamp":"2024-07-04T14:24:34.254Z"}
{"level":"info","message":"javid@gmail.com","timestamp":"2024-07-04T14:24:35.770Z"}
{"level":"info","message":"{\"method\":\"POST\",\"url\":\"/user/is-user\",\"status\":\"200\",\"responseTime\":\"81.354\"}","timestamp":"2024-07-04T14:24:35.772Z"}
{"level":"info","message":"{\"method\":\"OPTIONS\",\"url\":\"/user/is-user\",\"status\":\"204\",\"responseTime\":\"0.154\"}","timestamp":"2024-07-04T14:28:50.818Z"}
{"level":"info","message":"javid@gmail.com","timestamp":"2024-07-04T14:28:50.901Z"}
{"level":"info","message":"{\"method\":\"POST\",\"url\":\"/user/is-user\",\"status\":\"200\",\"responseTime\":\"80.998\"}","timestamp":"2024-07-04T14:28:50.902Z"}
{"level":"info","message":"javid@gmail.com","timestamp":"2024-07-04T14:28:51.266Z"}
{"level":"info","message":"{\"method\":\"POST\",\"url\":\"/user/is-user\",\"status\":\"200\",\"responseTime\":\"106.233\"}","timestamp":"2024-07-04T14:28:51.292Z"}
{"level":"info","message":"javid@gmail.com","timestamp":"2024-07-04T14:28:51.444Z"}
{"level":"info","message":"{\"method\":\"POST\",\"url\":\"/user/is-user\",\"status\":\"200\",\"responseTime\":\"83.341\"}","timestamp":"2024-07-04T14:28:51.447Z"}
{"level":"info","message":"javid@gmail.com","timestamp":"2024-07-04T14:28:51.603Z"}
{"level":"info","message":"{\"method\":\"POST\",\"url\":\"/user/is-user\",\"status\":\"200\",\"responseTime\":\"82.570\"}","timestamp":"2024-07-04T14:28:51.605Z"}
{"level":"info","message":"javid@gmail.com","timestamp":"2024-07-04T14:28:51.774Z"}
{"level":"info","message":"{\"method\":\"POST\",\"url\":\"/user/is-user\",\"status\":\"200\",\"responseTime\":\"83.548\"}","timestamp":"2024-07-04T14:28:51.775Z"}
{"level":"info","message":"javid@gmail.com","timestamp":"2024-07-04T14:28:51.955Z"}
{"level":"info","message":"{\"method\":\"POST\",\"url\":\"/user/is-user\",\"status\":\"200\",\"responseTime\":\"82.587\"}","timestamp":"2024-07-04T14:28:51.957Z"}
{"level":"info","message":"{\"method\":\"OPTIONS\",\"url\":\"/user/is-user\",\"status\":\"204\",\"responseTime\":\"0.208\"}","timestamp":"2024-07-04T14:29:02.922Z"}
{"level":"info","message":"javid@gmail.com","timestamp":"2024-07-04T14:29:03.004Z"}
{"level":"info","message":"{\"method\":\"POST\",\"url\":\"/user/is-user\",\"status\":\"200\",\"responseTime\":\"80.012\"}","timestamp":"2024-07-04T14:29:03.006Z"}
{"level":"info","message":"javid@gmail.com","timestamp":"2024-07-04T14:29:03.744Z"}
{"level":"info","message":"{\"method\":\"POST\",\"url\":\"/user/is-user\",\"status\":\"200\",\"responseTime\":\"80.238\"}","timestamp":"2024-07-04T14:29:03.746Z"}
{"level":"info","message":"{\"method\":\"OPTIONS\",\"url\":\"/user/is-user\",\"status\":\"204\",\"responseTime\":\"0.418\"}","timestamp":"2024-07-04T14:32:17.536Z"}
{"level":"info","message":"javid@gmail.com","timestamp":"2024-07-04T14:32:17.621Z"}
{"level":"info","message":"{\"method\":\"POST\",\"url\":\"/user/is-user\",\"status\":\"200\",\"responseTime\":\"82.320\"}","timestamp":"2024-07-04T14:32:17.623Z"}
{"level":"info","message":"javid@gmail.com","timestamp":"2024-07-04T14:32:18.609Z"}
{"level":"info","message":"{\"method\":\"POST\",\"url\":\"/user/is-user\",\"status\":\"200\",\"responseTime\":\"100.463\"}","timestamp":"2024-07-04T14:32:18.630Z"}
{"level":"error","message":"User does not exist","timestamp":"2024-07-04T14:32:45.788Z"}
{"level":"info","message":"{\"method\":\"POST\",\"url\":\"/user/is-user\",\"status\":\"200\",\"responseTime\":\"81.067\"}","timestamp":"2024-07-04T14:32:45.790Z"}
{"level":"info","message":"wajid@gmail.com","timestamp":"2024-07-04T14:33:00.059Z"}
{"level":"info","message":"{\"method\":\"POST\",\"url\":\"/user/is-user\",\"status\":\"200\",\"responseTime\":\"82.147\"}","timestamp":"2024-07-04T14:33:00.061Z"}
{"level":"info","message":"{\"method\":\"OPTIONS\",\"url\":\"/user/is-user\",\"status\":\"204\",\"responseTime\":\"0.281\"}","timestamp":"2024-07-04T14:33:10.939Z"}
{"level":"info","message":"wajid@gmail.com","timestamp":"2024-07-04T14:33:11.022Z"}
{"level":"info","message":"{\"method\":\"POST\",\"url\":\"/user/is-user\",\"status\":\"200\",\"responseTime\":\"80.653\"}","timestamp":"2024-07-04T14:33:11.023Z"}
{"level":"info","message":"{\"method\":\"OPTIONS\",\"url\":\"/user/is-user\",\"status\":\"204\",\"responseTime\":\"0.339\"}","timestamp":"2024-07-04T14:35:14.183Z"}
{"level":"info","message":"wajid@gmail.com","timestamp":"2024-07-04T14:35:14.266Z"}
{"level":"info","message":"{\"method\":\"POST\",\"url\":\"/user/is-user\",\"status\":\"200\",\"responseTime\":\"81.478\"}","timestamp":"2024-07-04T14:35:14.268Z"}
{"level":"info","message":"{\"method\":\"OPTIONS\",\"url\":\"/user/is-user\",\"status\":\"204\",\"responseTime\":\"0.327\"}","timestamp":"2024-07-04T14:36:04.142Z"}
{"level":"info","message":"wajid@gmail.com","timestamp":"2024-07-04T14:36:04.226Z"}
{"level":"info","message":"{\"method\":\"POST\",\"url\":\"/user/is-user\",\"status\":\"200\",\"responseTime\":\"80.414\"}","timestamp":"2024-07-04T14:36:04.227Z"}
{"level":"info","message":"{\"method\":\"OPTIONS\",\"url\":\"/user/is-user\",\"status\":\"204\",\"responseTime\":\"0.365\"}","timestamp":"2024-07-04T14:36:41.783Z"}
{"level":"error","message":"User does not exist","timestamp":"2024-07-04T14:36:41.866Z"}
{"level":"info","message":"{\"method\":\"POST\",\"url\":\"/user/is-user\",\"status\":\"200\",\"responseTime\":\"81.057\"}","timestamp":"2024-07-04T14:36:41.868Z"}
{"level":"error","message":"User does not exist","timestamp":"2024-07-04T14:36:42.633Z"}
{"level":"info","message":"{\"method\":\"POST\",\"url\":\"/user/is-user\",\"status\":\"200\",\"responseTime\":\"80.461\"}","timestamp":"2024-07-04T14:36:42.634Z"}
{"level":"error","message":"User does not exist","timestamp":"2024-07-04T14:36:43.065Z"}
{"level":"info","message":"{\"method\":\"POST\",\"url\":\"/user/is-user\",\"status\":\"200\",\"responseTime\":\"80.559\"}","timestamp":"2024-07-04T14:36:43.067Z"}
{"level":"error","message":"User does not exist","timestamp":"2024-07-04T14:36:43.409Z"}
{"level":"info","message":"{\"method\":\"POST\",\"url\":\"/user/is-user\",\"status\":\"200\",\"responseTime\":\"80.579\"}","timestamp":"2024-07-04T14:36:43.410Z"}
{"level":"error","message":"User does not exist","timestamp":"2024-07-04T14:36:43.687Z"}
{"level":"info","message":"{\"method\":\"POST\",\"url\":\"/user/is-user\",\"status\":\"200\",\"responseTime\":\"79.669\"}","timestamp":"2024-07-04T14:36:43.689Z"}
{"level":"error","message":"User does not exist","timestamp":"2024-07-04T14:36:43.992Z"}
{"level":"info","message":"{\"method\":\"POST\",\"url\":\"/user/is-user\",\"status\":\"200\",\"responseTime\":\"79.953\"}","timestamp":"2024-07-04T14:36:43.993Z"}
{"level":"error","message":"User does not exist","timestamp":"2024-07-04T14:36:44.289Z"}
{"level":"info","message":"{\"method\":\"POST\",\"url\":\"/user/is-user\",\"status\":\"200\",\"responseTime\":\"80.777\"}","timestamp":"2024-07-04T14:36:44.291Z"}
{"level":"error","message":"User does not exist","timestamp":"2024-07-04T14:36:44.480Z"}
{"level":"info","message":"{\"method\":\"POST\",\"url\":\"/user/is-user\",\"status\":\"200\",\"responseTime\":\"80.132\"}","timestamp":"2024-07-04T14:36:44.481Z"}
{"level":"error","message":"User does not exist","timestamp":"2024-07-04T14:36:44.682Z"}
{"level":"info","message":"{\"method\":\"POST\",\"url\":\"/user/is-user\",\"status\":\"200\",\"responseTime\":\"89.269\"}","timestamp":"2024-07-04T14:36:44.684Z"}
{"level":"error","message":"User does not exist","timestamp":"2024-07-04T14:36:44.888Z"}
{"level":"info","message":"{\"method\":\"POST\",\"url\":\"/user/is-user\",\"status\":\"200\",\"responseTime\":\"80.129\"}","timestamp":"2024-07-04T14:36:44.889Z"}
{"level":"error","message":"User does not exist","timestamp":"2024-07-04T14:36:46.667Z"}
{"level":"info","message":"{\"method\":\"POST\",\"url\":\"/user/is-user\",\"status\":\"200\",\"responseTime\":\"81.950\"}","timestamp":"2024-07-04T14:36:46.669Z"}
{"level":"info","message":"{\"method\":\"OPTIONS\",\"url\":\"/user/is-user\",\"status\":\"204\",\"responseTime\":\"0.145\"}","timestamp":"2024-07-04T14:37:42.482Z"}
{"level":"error","message":"User does not exist","timestamp":"2024-07-04T14:37:42.564Z"}
{"level":"info","message":"{\"method\":\"POST\",\"url\":\"/user/is-user\",\"status\":\"200\",\"responseTime\":\"93.698\"}","timestamp":"2024-07-04T14:37:42.579Z"}
{"level":"error","message":"User does not exist","timestamp":"2024-07-04T14:37:46.848Z"}
{"level":"info","message":"{\"method\":\"POST\",\"url\":\"/user/is-user\",\"status\":\"200\",\"responseTime\":\"79.602\"}","timestamp":"2024-07-04T14:37:46.849Z"}
{"level":"info","message":"Database connected successfully","timestamp":"2024-07-04T14:38:40.143Z"}
{"level":"info","message":"Database connected successfully","timestamp":"2024-07-04T14:38:58.080Z"}
{"level":"info","message":"{\"method\":\"OPTIONS\",\"url\":\"/user/is-user\",\"status\":\"204\",\"responseTime\":\"2.617\"}","timestamp":"2024-07-04T14:39:55.397Z"}
{"level":"error","message":"User does not exist","timestamp":"2024-07-04T14:39:55.499Z"}
{"level":"info","message":"{\"method\":\"POST\",\"url\":\"/user/is-user\",\"status\":\"200\",\"responseTime\":\"81.490\"}","timestamp":"2024-07-04T14:39:55.503Z"}
{"level":"info","message":"{\"method\":\"OPTIONS\",\"url\":\"/user/is-user\",\"status\":\"204\",\"responseTime\":\"0.482\"}","timestamp":"2024-07-04T14:41:18.201Z"}
{"level":"error","message":"User does not exist","timestamp":"2024-07-04T14:41:18.276Z"}
{"level":"info","message":"{\"method\":\"POST\",\"url\":\"/user/is-user\",\"status\":\"200\",\"responseTime\":\"72.328\"}","timestamp":"2024-07-04T14:41:18.278Z"}
{"level":"info","message":"{\"method\":\"OPTIONS\",\"url\":\"/user/is-user\",\"status\":\"204\",\"responseTime\":\"0.483\"}","timestamp":"2024-07-04T14:42:27.003Z"}
{"level":"error","message":"User does not exist","timestamp":"2024-07-04T14:42:27.077Z"}
{"level":"info","message":"{\"method\":\"POST\",\"url\":\"/user/is-user\",\"status\":\"200\",\"responseTime\":\"72.197\"}","timestamp":"2024-07-04T14:42:27.079Z"}
{"level":"info","message":"Database connected successfully","timestamp":"2024-07-04T14:45:57.338Z"}
{"level":"info","message":"Database connected successfully","timestamp":"2024-07-04T14:46:27.437Z"}
{"level":"info","message":"Database connected successfully","timestamp":"2024-07-04T14:47:21.350Z"}
{"level":"info","message":"Database connected successfully","timestamp":"2024-07-04T14:47:46.395Z"}
{"level":"info","message":"Database connected successfully","timestamp":"2024-07-04T14:49:49.401Z"}
{"level":"info","message":"Database connected successfully","timestamp":"2024-07-04T14:49:58.376Z"}
{"level":"info","message":"Database connected successfully","timestamp":"2024-07-04T14:50:25.677Z"}
{"level":"info","message":"Database connected successfully","timestamp":"2024-07-04T14:50:42.683Z"}
{"level":"info","message":"Database connected successfully","timestamp":"2024-07-04T14:51:18.779Z"}
{"level":"info","message":"Database connected successfully","timestamp":"2024-07-04T14:51:27.915Z"}
{"level":"info","message":"Database connected successfully","timestamp":"2024-07-04T14:52:06.221Z"}
{"level":"info","message":"Database connected successfully","timestamp":"2024-07-04T14:52:15.132Z"}
{"level":"info","message":"{\"method\":\"OPTIONS\",\"url\":\"/user/is-user\",\"status\":\"204\",\"responseTime\":\"3.028\"}","timestamp":"2024-07-04T15:14:20.573Z"}
{"level":"error","message":"User does not exist","timestamp":"2024-07-04T15:14:21.151Z"}
{"level":"info","message":"{\"method\":\"POST\",\"url\":\"/user/is-user\",\"status\":\"200\",\"responseTime\":\"556.805\"}","timestamp":"2024-07-04T15:14:21.154Z"}
{"level":"info","message":"{\"method\":\"OPTIONS\",\"url\":\"/user/is-user\",\"status\":\"204\",\"responseTime\":\"0.790\"}","timestamp":"2024-07-04T15:14:51.083Z"}
{"level":"error","message":"TRANSPORTER_PASSWORD is not defined","timestamp":"2024-07-04T15:14:51.158Z"}
{"level":"info","message":"{\"method\":\"POST\",\"url\":\"/user/is-user\",\"status\":\"500\",\"responseTime\":\"71.295\"}","timestamp":"2024-07-04T15:14:51.159Z"}
{"level":"info","message":"Database connected successfully","timestamp":"2024-07-04T15:19:13.166Z"}
{"level":"info","message":"Database connected successfully","timestamp":"2024-07-04T15:20:34.541Z"}
{"level":"info","message":"{\"method\":\"OPTIONS\",\"url\":\"/user/is-user\",\"status\":\"204\",\"responseTime\":\"1.535\"}","timestamp":"2024-07-04T15:21:29.743Z"}
{"level":"error","message":"TRANSPORTER_PASSWORD is not defined","timestamp":"2024-07-04T15:21:29.840Z"}
{"level":"info","message":"{\"method\":\"POST\",\"url\":\"/user/is-user\",\"status\":\"500\",\"responseTime\":\"78.073\"}","timestamp":"2024-07-04T15:21:29.844Z"}
{"level":"info","message":"{\"method\":\"OPTIONS\",\"url\":\"/user/is-user\",\"status\":\"204\",\"responseTime\":\"0.627\"}","timestamp":"2024-07-04T15:22:09.095Z"}
{"level":"error","message":"TRANSPORTER_PASSWORD is not defined","timestamp":"2024-07-04T15:22:09.165Z"}
{"level":"info","message":"{\"method\":\"POST\",\"url\":\"/user/is-user\",\"status\":\"500\",\"responseTime\":\"68.331\"}","timestamp":"2024-07-04T15:22:09.168Z"}
{"level":"info","message":"{\"method\":\"OPTIONS\",\"url\":\"/user/is-user\",\"status\":\"204\",\"responseTime\":\"0.468\"}","timestamp":"2024-07-04T15:23:24.470Z"}
{"level":"error","message":"TRANSPORTER_PASSWORD is not defined","timestamp":"2024-07-04T15:23:24.541Z"}
{"level":"info","message":"{\"method\":\"POST\",\"url\":\"/user/is-user\",\"status\":\"500\",\"responseTime\":\"66.986\"}","timestamp":"2024-07-04T15:23:24.542Z"}
{"level":"info","message":"Database connected successfully","timestamp":"2024-07-04T15:24:10.495Z"}
{"level":"info","message":"{\"method\":\"OPTIONS\",\"url\":\"/user/is-user\",\"status\":\"204\",\"responseTime\":\"2.051\"}","timestamp":"2024-07-04T15:24:26.749Z"}
{"level":"error","message":"TRANSPORTER_PASSWORD is not defined","timestamp":"2024-07-04T15:24:26.861Z"}
{"level":"info","message":"{\"method\":\"POST\",\"url\":\"/user/is-user\",\"status\":\"500\",\"responseTime\":\"87.879\"}","timestamp":"2024-07-04T15:24:26.864Z"}
{"level":"info","message":"{\"method\":\"OPTIONS\",\"url\":\"/user/is-user\",\"status\":\"204\",\"responseTime\":\"0.529\"}","timestamp":"2024-07-04T15:25:00.789Z"}
{"level":"error","message":"TRANSPORTER_PASSWORD is not defined","timestamp":"2024-07-04T15:25:00.867Z"}
{"level":"info","message":"{\"method\":\"POST\",\"url\":\"/user/is-user\",\"status\":\"500\",\"responseTime\":\"75.686\"}","timestamp":"2024-07-04T15:25:00.869Z"}
{"level":"info","message":"Database connected successfully","timestamp":"2024-07-04T15:25:23.327Z"}
{"level":"info","message":"Database connected successfully","timestamp":"2024-07-04T15:25:33.755Z"}
{"level":"info","message":"{\"method\":\"OPTIONS\",\"url\":\"/user/is-user\",\"status\":\"204\",\"responseTime\":\"1.768\"}","timestamp":"2024-07-04T15:25:40.016Z"}
{"level":"info","message":"sajid@gmail.com","timestamp":"2024-07-04T15:25:40.140Z"}
{"level":"info","message":"{\"method\":\"POST\",\"url\":\"/user/is-user\",\"status\":\"200\",\"responseTime\":\"99.008\"}","timestamp":"2024-07-04T15:25:40.144Z"}
{"level":"info","message":"Database connected successfully","timestamp":"2024-07-04T15:36:06.845Z"}
{"level":"info","message":"Database connected successfully","timestamp":"2024-07-04T15:36:15.353Z"}
{"level":"info","message":"Database connected successfully","timestamp":"2024-07-04T15:36:21.031Z"}
{"level":"info","message":"{\"method\":\"OPTIONS\",\"url\":\"/user/is-user\",\"status\":\"204\",\"responseTime\":\"1.679\"}","timestamp":"2024-07-04T15:43:51.108Z"}
{"level":"info","message":"wajid@gmail.com","timestamp":"2024-07-04T15:43:51.224Z"}
{"level":"info","message":"{\"method\":\"POST\",\"url\":\"/user/is-user\",\"status\":\"200\",\"responseTime\":\"89.567\"}","timestamp":"2024-07-04T15:43:51.227Z"}
{"level":"info","message":"Database connected successfully","timestamp":"2024-07-04T15:47:57.126Z"}
{"level":"info","message":"{\"method\":\"OPTIONS\",\"url\":\"/user/is-user\",\"status\":\"204\",\"responseTime\":\"1.769\"}","timestamp":"2024-07-04T15:48:09.298Z"}
{"level":"info","message":"wajid@gmail.com","timestamp":"2024-07-04T15:48:09.409Z"}
{"level":"info","message":"{\"method\":\"POST\",\"url\":\"/user/is-user\",\"status\":\"200\",\"responseTime\":\"86.889\"}","timestamp":"2024-07-04T15:48:09.412Z"}
{"level":"info","message":"{\"method\":\"OPTIONS\",\"url\":\"/user/is-user\",\"status\":\"204\",\"responseTime\":\"0.642\"}","timestamp":"2024-07-04T15:49:55.797Z"}
{"level":"info","message":"wajid@gmail.com","timestamp":"2024-07-04T15:49:55.872Z"}
{"level":"info","message":"{\"method\":\"POST\",\"url\":\"/user/is-user\",\"status\":\"200\",\"responseTime\":\"69.783\"}","timestamp":"2024-07-04T15:49:55.874Z"}
{"level":"info","message":"{\"method\":\"OPTIONS\",\"url\":\"/user/is-user\",\"status\":\"204\",\"responseTime\":\"0.499\"}","timestamp":"2024-07-04T15:50:30.962Z"}
{"level":"info","message":"wajid@gmail.com","timestamp":"2024-07-04T15:50:31.042Z"}
{"level":"info","message":"{\"method\":\"POST\",\"url\":\"/user/is-user\",\"status\":\"200\",\"responseTime\":\"77.617\"}","timestamp":"2024-07-04T15:50:31.044Z"}
{"level":"info","message":"Database connected successfully","timestamp":"2024-07-04T15:50:42.128Z"}
{"level":"info","message":"{\"method\":\"OPTIONS\",\"url\":\"/user/is-user\",\"status\":\"204\",\"responseTime\":\"1.710\"}","timestamp":"2024-07-04T15:50:51.218Z"}
{"level":"info","message":"sajid@gmail.com","timestamp":"2024-07-04T15:50:51.329Z"}
{"level":"info","message":"{\"method\":\"POST\",\"url\":\"/user/is-user\",\"status\":\"200\",\"responseTime\":\"97.474\"}","timestamp":"2024-07-04T15:50:51.333Z"}
{"level":"info","message":"{\"method\":\"OPTIONS\",\"url\":\"/user/is-user\",\"status\":\"204\",\"responseTime\":\"0.344\"}","timestamp":"2024-07-04T15:53:56.784Z"}
{"level":"info","message":"wajid@gmail.com","timestamp":"2024-07-04T15:53:56.868Z"}
{"level":"info","message":"{\"method\":\"POST\",\"url\":\"/user/is-user\",\"status\":\"200\",\"responseTime\":\"80.148\"}","timestamp":"2024-07-04T15:53:56.871Z"}
{"level":"info","message":"Database connected successfully","timestamp":"2024-07-04T15:54:10.809Z"}
{"level":"info","message":"{\"method\":\"OPTIONS\",\"url\":\"/user/is-user\",\"status\":\"204\",\"responseTime\":\"3.294\"}","timestamp":"2024-07-04T15:54:28.789Z"}
{"level":"info","message":"wajid@gmail.com","timestamp":"2024-07-04T15:54:28.911Z"}
{"level":"info","message":"{\"method\":\"POST\",\"url\":\"/user/is-user\",\"status\":\"200\",\"responseTime\":\"94.069\"}","timestamp":"2024-07-04T15:54:28.915Z"}
{"level":"info","message":"Database connected successfully","timestamp":"2024-07-04T15:55:05.005Z"}
{"level":"info","message":"Database connected successfully","timestamp":"2024-07-04T15:55:26.519Z"}
{"level":"info","message":"Database connected successfully","timestamp":"2024-07-04T15:55:53.983Z"}
{"level":"info","message":"Database connected successfully","timestamp":"2024-07-04T16:47:05.955Z"}
{"level":"info","message":"{\"method\":\"OPTIONS\",\"url\":\"/user/is-user\",\"status\":\"204\",\"responseTime\":\"1.629\"}","timestamp":"2024-07-04T16:47:21.348Z"}
{"level":"info","message":"wajid@gmail.com","timestamp":"2024-07-04T16:47:21.491Z"}
{"level":"info","message":"{\"method\":\"POST\",\"url\":\"/user/is-user\",\"status\":\"200\",\"responseTime\":\"115.128\"}","timestamp":"2024-07-04T16:47:21.495Z"}
{"level":"info","message":"Database connected successfully","timestamp":"2024-07-04T16:48:10.192Z"}
{"level":"info","message":"Database connected successfully","timestamp":"2024-07-04T17:04:11.904Z"}
{"level":"info","message":"Database connected successfully","timestamp":"2024-07-04T17:04:54.973Z"}
{"level":"info","message":"Database connected successfully","timestamp":"2024-07-04T17:06:14.711Z"}
{"level":"info","message":"Database connected successfully","timestamp":"2024-07-04T17:08:45.283Z"}
{"level":"info","message":"Database connected successfully","timestamp":"2024-07-04T17:09:15.027Z"}
{"level":"info","message":"Database connected successfully","timestamp":"2024-07-04T17:09:37.346Z"}
{"level":"info","message":"Database connected successfully","timestamp":"2024-07-04T17:09:43.016Z"}
{"level":"info","message":"Database connected successfully","timestamp":"2024-07-04T17:10:09.017Z"}
{"level":"info","message":"Database connected successfully","timestamp":"2024-07-04T17:10:15.329Z"}
{"level":"info","message":"Database connected successfully","timestamp":"2024-07-04T17:10:23.994Z"}
{"level":"info","message":"Database connected successfully","timestamp":"2024-07-04T17:10:36.309Z"}
{"level":"info","message":"Database connected successfully","timestamp":"2024-07-04T17:11:06.207Z"}
{"level":"info","message":"Database connected successfully","timestamp":"2024-07-04T17:11:13.167Z"}
{"level":"info","message":"Database connected successfully","timestamp":"2024-07-04T17:11:25.072Z"}
{"level":"info","message":"Database connected successfully","timestamp":"2024-07-04T17:11:37.216Z"}
{"level":"info","message":"Database connected successfully","timestamp":"2024-07-05T14:19:09.774Z"}
{"level":"info","message":"{\"method\":\"OPTIONS\",\"url\":\"/user/register\",\"status\":\"204\",\"responseTime\":\"2.519\"}","timestamp":"2024-07-05T15:30:39.871Z"}
{"level":"error","message":"Please fill all the fields","timestamp":"2024-07-05T15:30:40.064Z"}
{"level":"error","message":"res is not defined","timestamp":"2024-07-05T15:30:40.065Z"}
{"level":"info","message":"{\"method\":\"POST\",\"url\":\"/user/register\",\"status\":\"500\",\"responseTime\":\"5.903\"}","timestamp":"2024-07-05T15:30:40.069Z"}
{"level":"error","message":"Please fill all the fields","timestamp":"2024-07-05T15:30:41.321Z"}
{"level":"error","message":"res is not defined","timestamp":"2024-07-05T15:30:41.322Z"}
{"level":"info","message":"{\"method\":\"POST\",\"url\":\"/user/register\",\"status\":\"500\",\"responseTime\":\"2.880\"}","timestamp":"2024-07-05T15:30:41.324Z"}
{"level":"info","message":"Database connected successfully","timestamp":"2024-07-05T15:31:51.199Z"}
{"level":"info","message":"Database connected successfully","timestamp":"2024-07-05T15:32:09.795Z"}
{"level":"info","message":"{\"method\":\"OPTIONS\",\"url\":\"/user/register\",\"status\":\"204\",\"responseTime\":\"1.570\"}","timestamp":"2024-07-05T15:32:15.769Z"}
{"level":"error","message":"Please fill all the fields","timestamp":"2024-07-05T15:32:15.788Z"}
{"level":"info","message":"{\"method\":\"POST\",\"url\":\"/user/register\",\"status\":\"400\",\"responseTime\":\"5.416\"}","timestamp":"2024-07-05T15:32:15.799Z"}
{"level":"info","message":"User created successfully","timestamp":"2024-07-05T15:32:16.089Z"}
{"level":"info","message":"Database connected successfully","timestamp":"2024-07-05T15:34:10.201Z"}
{"level":"info","message":"Database connected successfully","timestamp":"2024-07-05T15:34:20.367Z"}
{"level":"info","message":"{\"method\":\"OPTIONS\",\"url\":\"/user/register\",\"status\":\"204\",\"responseTime\":\"2.838\"}","timestamp":"2024-07-05T15:34:21.919Z"}
{"level":"error","message":"Please fill all the fields","timestamp":"2024-07-05T15:34:21.951Z"}
{"level":"info","message":"{\"method\":\"POST\",\"url\":\"/user/register\",\"status\":\"400\",\"responseTime\":\"6.075\"}","timestamp":"2024-07-05T15:34:21.962Z"}
{"level":"error","message":"User already exists","timestamp":"2024-07-05T15:34:22.079Z"}
{"level":"error","message":"Cannot set headers after they are sent to the client","timestamp":"2024-07-05T15:34:22.138Z"}
{"level":"info","message":"Database connected successfully","timestamp":"2024-07-05T15:34:32.083Z"}
{"level":"info","message":"Database connected successfully","timestamp":"2024-07-05T15:34:53.894Z"}
{"level":"info","message":"{\"method\":\"OPTIONS\",\"url\":\"/user/register\",\"status\":\"204\",\"responseTime\":\"1.699\"}","timestamp":"2024-07-05T15:34:59.153Z"}
{"level":"error","message":"Please fill all the fields","timestamp":"2024-07-05T15:34:59.176Z"}
{"level":"info","message":"{\"method\":\"POST\",\"url\":\"/user/register\",\"status\":\"400\",\"responseTime\":\"5.584\"}","timestamp":"2024-07-05T15:34:59.184Z"}
{"level":"error","message":"User already exists","timestamp":"2024-07-05T15:34:59.268Z"}
{"level":"info","message":"Database connected successfully","timestamp":"2024-07-05T15:35:37.792Z"}
{"level":"info","message":"Database connected successfully","timestamp":"2024-07-05T15:35:55.311Z"}
{"level":"info","message":"{\"method\":\"OPTIONS\",\"url\":\"/user/register\",\"status\":\"204\",\"responseTime\":\"4.022\"}","timestamp":"2024-07-05T15:35:59.475Z"}
{"level":"error","message":"Please fill all the fields","timestamp":"2024-07-05T15:35:59.517Z"}
{"level":"info","message":"{\"method\":\"POST\",\"url\":\"/user/register\",\"status\":\"400\",\"responseTime\":\"17.087\"}","timestamp":"2024-07-05T15:35:59.552Z"}
{"level":"error","message":"User already exists","timestamp":"2024-07-05T15:35:59.669Z"}
{"level":"info","message":"Database connected successfully","timestamp":"2024-07-05T15:36:40.383Z"}
{"level":"info","message":"{\"method\":\"OPTIONS\",\"url\":\"/user/register\",\"status\":\"204\",\"responseTime\":\"1.979\"}","timestamp":"2024-07-05T15:36:42.504Z"}
{"level":"error","message":"Please fill all the fields","timestamp":"2024-07-05T15:36:42.542Z"}
{"level":"info","message":"{\"method\":\"POST\",\"url\":\"/user/register\",\"status\":\"400\",\"responseTime\":\"15.004\"}","timestamp":"2024-07-05T15:36:42.556Z"}
{"level":"error","message":"User already exists","timestamp":"2024-07-05T15:36:42.671Z"}
{"level":"info","message":"Database connected successfully","timestamp":"2024-07-05T15:37:15.956Z"}
{"level":"info","message":"Database connected successfully","timestamp":"2024-07-05T15:37:44.503Z"}
{"level":"info","message":"Database connected successfully","timestamp":"2024-07-05T15:37:58.645Z"}
{"level":"info","message":"{\"method\":\"OPTIONS\",\"url\":\"/user/register\",\"status\":\"204\",\"responseTime\":\"1.570\"}","timestamp":"2024-07-05T15:38:48.306Z"}
{"level":"error","message":"User already exists","timestamp":"2024-07-05T15:38:48.418Z"}
{"level":"info","message":"{\"method\":\"POST\",\"url\":\"/user/register\",\"status\":\"400\",\"responseTime\":\"86.882\"}","timestamp":"2024-07-05T15:38:48.421Z"}
{"level":"info","message":"Database connected successfully","timestamp":"2024-07-05T15:44:54.003Z"}
{"level":"info","message":"{\"method\":\"OPTIONS\",\"url\":\"/user/is-user\",\"status\":\"204\",\"responseTime\":\"1.961\"}","timestamp":"2024-07-05T15:44:56.096Z"}
{"level":"info","message":"zainali@gmail.com","timestamp":"2024-07-05T15:44:56.211Z"}
{"level":"info","message":"{\"method\":\"POST\",\"url\":\"/user/is-user\",\"status\":\"200\",\"responseTime\":\"100.071\"}","timestamp":"2024-07-05T15:44:56.215Z"}
{"level":"info","message":"Email sent successfully","timestamp":"2024-07-05T15:44:59.051Z"}
{"level":"info","message":"{\"method\":\"OPTIONS\",\"url\":\"/user/is-user\",\"status\":\"204\",\"responseTime\":\"0.746\"}","timestamp":"2024-07-05T15:46:06.448Z"}
{"level":"error","message":"User does not exist","timestamp":"2024-07-05T15:46:06.530Z"}
{"level":"info","message":"{\"method\":\"POST\",\"url\":\"/user/is-user\",\"status\":\"200\",\"responseTime\":\"74.904\"}","timestamp":"2024-07-05T15:46:06.532Z"}
{"level":"info","message":"{\"method\":\"OPTIONS\",\"url\":\"/user/login\",\"status\":\"204\",\"responseTime\":\"0.406\"}","timestamp":"2024-07-05T15:47:01.968Z"}
{"level":"error","message":"User does not exist","timestamp":"2024-07-05T15:47:02.049Z"}
{"level":"info","message":"{\"method\":\"POST\",\"url\":\"/user/login\",\"status\":\"400\",\"responseTime\":\"73.261\"}","timestamp":"2024-07-05T15:47:02.051Z"}
{"level":"info","message":"{\"method\":\"OPTIONS\",\"url\":\"/user/is-user\",\"status\":\"204\",\"responseTime\":\"0.344\"}","timestamp":"2024-07-05T16:20:33.052Z"}
{"level":"error","message":"User does not exist","timestamp":"2024-07-05T16:20:33.610Z"}
{"level":"info","message":"{\"method\":\"POST\",\"url\":\"/user/is-user\",\"status\":\"200\",\"responseTime\":\"551.670\"}","timestamp":"2024-07-05T16:20:33.612Z"}
{"level":"info","message":"Database connected successfully","timestamp":"2024-07-05T16:28:33.861Z"}
{"level":"info","message":"{\"method\":\"OPTIONS\",\"url\":\"/user/is-user\",\"status\":\"204\",\"responseTime\":\"3.135\"}","timestamp":"2024-07-05T16:29:15.170Z"}
{"level":"error","message":"User does not exist","timestamp":"2024-07-05T16:29:15.274Z"}
{"level":"info","message":"{\"method\":\"POST\",\"url\":\"/user/is-user\",\"status\":\"200\",\"responseTime\":\"83.450\"}","timestamp":"2024-07-05T16:29:15.278Z"}
{"level":"info","message":"{\"method\":\"OPTIONS\",\"url\":\"/user/is-user\",\"status\":\"204\",\"responseTime\":\"0.622\"}","timestamp":"2024-07-05T16:29:23.573Z"}
{"level":"error","message":"User does not exist","timestamp":"2024-07-05T16:29:23.655Z"}
{"level":"info","message":"{\"method\":\"POST\",\"url\":\"/user/is-user\",\"status\":\"200\",\"responseTime\":\"76.819\"}","timestamp":"2024-07-05T16:29:23.657Z"}
{"level":"info","message":"{\"method\":\"OPTIONS\",\"url\":\"/user/is-user\",\"status\":\"204\",\"responseTime\":\"0.467\"}","timestamp":"2024-07-05T17:04:57.768Z"}
{"level":"error","message":"User does not exist","timestamp":"2024-07-05T17:04:57.843Z"}
{"level":"info","message":"{\"method\":\"POST\",\"url\":\"/user/is-user\",\"status\":\"200\",\"responseTime\":\"70.323\"}","timestamp":"2024-07-05T17:04:57.845Z"}
{"level":"info","message":"{\"method\":\"OPTIONS\",\"url\":\"/user/is-user\",\"status\":\"204\",\"responseTime\":\"0.295\"}","timestamp":"2024-07-05T17:05:09.041Z"}
{"level":"error","message":"User does not exist","timestamp":"2024-07-05T17:05:09.115Z"}
{"level":"info","message":"{\"method\":\"POST\",\"url\":\"/user/is-user\",\"status\":\"200\",\"responseTime\":\"69.269\"}","timestamp":"2024-07-05T17:05:09.117Z"}
{"level":"info","message":"{\"method\":\"OPTIONS\",\"url\":\"/user/is-user\",\"status\":\"204\",\"responseTime\":\"0.246\"}","timestamp":"2024-07-05T17:07:04.869Z"}
{"level":"error","message":"User does not exist","timestamp":"2024-07-05T17:07:04.943Z"}
{"level":"info","message":"{\"method\":\"POST\",\"url\":\"/user/is-user\",\"status\":\"200\",\"responseTime\":\"69.031\"}","timestamp":"2024-07-05T17:07:04.945Z"}
{"level":"info","message":"{\"method\":\"OPTIONS\",\"url\":\"/user/is-user\",\"status\":\"204\",\"responseTime\":\"0.375\"}","timestamp":"2024-07-05T17:07:19.540Z"}
{"level":"info","message":"{\"method\":\"OPTIONS\",\"url\":\"/user/register\",\"status\":\"204\",\"responseTime\":\"0.280\"}","timestamp":"2024-07-05T17:07:19.544Z"}
{"level":"error","message":"User does not exist","timestamp":"2024-07-05T17:07:19.615Z"}
{"level":"info","message":"{\"method\":\"POST\",\"url\":\"/user/is-user\",\"status\":\"200\",\"responseTime\":\"69.070\"}","timestamp":"2024-07-05T17:07:19.617Z"}
{"level":"info","message":"User created successfully","timestamp":"2024-07-05T17:07:20.313Z"}
{"level":"info","message":"{\"method\":\"POST\",\"url\":\"/user/register\",\"status\":\"200\",\"responseTime\":\"764.863\"}","timestamp":"2024-07-05T17:07:20.316Z"}
{"level":"info","message":"{\"method\":\"OPTIONS\",\"url\":\"/user/is-user\",\"status\":\"204\",\"responseTime\":\"0.300\"}","timestamp":"2024-07-05T17:09:11.150Z"}
{"level":"error","message":"User does not exist","timestamp":"2024-07-05T17:09:11.223Z"}
{"level":"info","message":"{\"method\":\"POST\",\"url\":\"/user/is-user\",\"status\":\"200\",\"responseTime\":\"68.976\"}","timestamp":"2024-07-05T17:09:11.225Z"}
{"level":"info","message":"{\"method\":\"OPTIONS\",\"url\":\"/user/is-user\",\"status\":\"204\",\"responseTime\":\"0.322\"}","timestamp":"2024-07-05T17:11:41.884Z"}
{"level":"error","message":"User does not exist","timestamp":"2024-07-05T17:11:41.956Z"}
{"level":"info","message":"{\"method\":\"POST\",\"url\":\"/user/is-user\",\"status\":\"200\",\"responseTime\":\"68.172\"}","timestamp":"2024-07-05T17:11:41.958Z"}
{"level":"info","message":"{\"method\":\"OPTIONS\",\"url\":\"/user/is-user\",\"status\":\"204\",\"responseTime\":\"0.621\"}","timestamp":"2024-07-05T17:14:02.791Z"}
{"level":"info","message":"{\"method\":\"OPTIONS\",\"url\":\"/user/register\",\"status\":\"204\",\"responseTime\":\"0.433\"}","timestamp":"2024-07-05T17:14:02.794Z"}
{"level":"error","message":"User does not exist","timestamp":"2024-07-05T17:14:02.865Z"}
{"level":"info","message":"{\"method\":\"POST\",\"url\":\"/user/is-user\",\"status\":\"200\",\"responseTime\":\"67.463\"}","timestamp":"2024-07-05T17:14:02.867Z"}
{"level":"info","message":"User created successfully","timestamp":"2024-07-05T17:14:03.107Z"}
{"level":"info","message":"{\"method\":\"POST\",\"url\":\"/user/register\",\"status\":\"200\",\"responseTime\":\"305.354\"}","timestamp":"2024-07-05T17:14:03.109Z"}
{"level":"info","message":"{\"method\":\"OPTIONS\",\"url\":\"/user/is-user\",\"status\":\"204\",\"responseTime\":\"0.361\"}","timestamp":"2024-07-05T17:14:14.136Z"}
{"level":"info","message":"{\"method\":\"OPTIONS\",\"url\":\"/user/register\",\"status\":\"204\",\"responseTime\":\"0.277\"}","timestamp":"2024-07-05T17:14:14.139Z"}
{"level":"error","message":"User does not exist","timestamp":"2024-07-05T17:14:14.216Z"}
{"level":"info","message":"{\"method\":\"POST\",\"url\":\"/user/is-user\",\"status\":\"200\",\"responseTime\":\"69.303\"}","timestamp":"2024-07-05T17:14:14.217Z"}
{"level":"info","message":"User created successfully","timestamp":"2024-07-05T17:14:14.434Z"}
{"level":"info","message":"{\"method\":\"POST\",\"url\":\"/user/register\",\"status\":\"200\",\"responseTime\":\"284.206\"}","timestamp":"2024-07-05T17:14:14.436Z"}
{"level":"info","message":"{\"method\":\"OPTIONS\",\"url\":\"/user/is-user\",\"status\":\"204\",\"responseTime\":\"0.515\"}","timestamp":"2024-07-05T17:20:37.571Z"}
{"level":"info","message":"{\"method\":\"OPTIONS\",\"url\":\"/user/register\",\"status\":\"204\",\"responseTime\":\"0.317\"}","timestamp":"2024-07-05T17:20:37.580Z"}
{"level":"error","message":"User does not exist","timestamp":"2024-07-05T17:20:37.642Z"}
{"level":"info","message":"{\"method\":\"POST\",\"url\":\"/user/is-user\",\"status\":\"200\",\"responseTime\":\"67.486\"}","timestamp":"2024-07-05T17:20:37.644Z"}
{"level":"info","message":"User created successfully","timestamp":"2024-07-05T17:20:37.915Z"}
{"level":"info","message":"{\"method\":\"POST\",\"url\":\"/user/register\",\"status\":\"200\",\"responseTime\":\"330.596\"}","timestamp":"2024-07-05T17:20:37.916Z"}
{"level":"info","message":"{\"method\":\"OPTIONS\",\"url\":\"/user/is-user\",\"status\":\"204\",\"responseTime\":\"0.326\"}","timestamp":"2024-07-05T17:22:08.731Z"}
{"level":"info","message":"{\"method\":\"OPTIONS\",\"url\":\"/user/register\",\"status\":\"204\",\"responseTime\":\"0.259\"}","timestamp":"2024-07-05T17:22:08.735Z"}
{"level":"error","message":"User does not exist","timestamp":"2024-07-05T17:22:08.804Z"}
{"level":"info","message":"{\"method\":\"POST\",\"url\":\"/user/is-user\",\"status\":\"200\",\"responseTime\":\"68.337\"}","timestamp":"2024-07-05T17:22:08.806Z"}
{"level":"info","message":"User created successfully","timestamp":"2024-07-05T17:22:09.013Z"}
{"level":"info","message":"{\"method\":\"POST\",\"url\":\"/user/register\",\"status\":\"200\",\"responseTime\":\"274.388\"}","timestamp":"2024-07-05T17:22:09.015Z"}
{"level":"info","message":"{\"method\":\"OPTIONS\",\"url\":\"/user/is-user\",\"status\":\"204\",\"responseTime\":\"0.325\"}","timestamp":"2024-07-05T17:24:05.537Z"}
{"level":"info","message":"{\"method\":\"OPTIONS\",\"url\":\"/user/register\",\"status\":\"204\",\"responseTime\":\"0.413\"}","timestamp":"2024-07-05T17:24:05.541Z"}
{"level":"error","message":"User does not exist","timestamp":"2024-07-05T17:24:05.609Z"}
{"level":"info","message":"{\"method\":\"POST\",\"url\":\"/user/is-user\",\"status\":\"200\",\"responseTime\":\"67.259\"}","timestamp":"2024-07-05T17:24:05.611Z"}
{"level":"info","message":"User created successfully","timestamp":"2024-07-05T17:24:05.810Z"}
{"level":"info","message":"{\"method\":\"POST\",\"url\":\"/user/register\",\"status\":\"200\",\"responseTime\":\"265.562\"}","timestamp":"2024-07-05T17:24:05.811Z"}
{"level":"info","message":"Database connected successfully","timestamp":"2024-07-06T19:37:06.155Z"}
{"level":"info","message":"Database connected successfully","timestamp":"2024-07-08T13:11:51.318Z"}
{"level":"info","message":"Database connected successfully","timestamp":"2024-07-08T13:20:28.861Z"}
{"level":"info","message":"Database connected successfully","timestamp":"2024-07-08T13:23:23.362Z"}
{"level":"info","message":"Database connected successfully","timestamp":"2024-07-08T13:23:40.630Z"}
{"level":"info","message":"Database connected successfully","timestamp":"2024-07-08T13:23:57.357Z"}
{"level":"info","message":"Database connected successfully","timestamp":"2024-07-08T13:24:16.316Z"}
{"level":"info","message":"Database connected successfully","timestamp":"2024-07-08T13:44:38.703Z"}
{"level":"info","message":"Database connected successfully","timestamp":"2024-07-08T13:57:19.717Z"}
{"level":"info","message":"Database connected successfully","timestamp":"2024-07-08T13:57:40.230Z"}
{"level":"info","message":"Database connected successfully","timestamp":"2024-07-08T13:58:18.909Z"}
{"level":"info","message":"Database connected successfully","timestamp":"2024-07-08T13:58:35.079Z"}
{"level":"info","message":"Database connected successfully","timestamp":"2024-07-08T13:58:52.893Z"}
{"level":"info","message":"Database connected successfully","timestamp":"2024-07-08T13:59:27.756Z"}
{"level":"info","message":"Database connected successfully","timestamp":"2024-07-08T13:59:40.412Z"}
{"level":"info","message":"Database connected successfully","timestamp":"2024-07-08T14:01:09.240Z"}
{"level":"info","message":"Database connected successfully","timestamp":"2024-07-08T14:01:19.548Z"}
{"level":"info","message":"Database connected successfully","timestamp":"2024-07-08T14:03:02.919Z"}
{"level":"info","message":"Database connected successfully","timestamp":"2024-07-08T14:03:15.664Z"}
{"level":"info","message":"Database connected successfully","timestamp":"2024-07-08T14:03:40.696Z"}
{"level":"info","message":"Database connected successfully","timestamp":"2024-07-08T14:03:49.141Z"}
{"level":"info","message":"Database connected successfully","timestamp":"2024-07-08T14:04:05.695Z"}
{"level":"info","message":"{\"method\":\"POST\",\"url\":\"/user/upload-profile-image\",\"status\":\"200\",\"responseTime\":\"7.629\"}","timestamp":"2024-07-08T14:04:53.052Z"}
{"level":"info","message":"{\"method\":\"POST\",\"url\":\"/user/upload-profile-image\",\"status\":\"200\",\"responseTime\":\"21.138\"}","timestamp":"2024-07-08T14:06:56.554Z"}
{"level":"info","message":"Database connected successfully","timestamp":"2024-07-08T14:22:44.845Z"}
{"level":"info","message":"Database connected successfully","timestamp":"2024-07-08T14:22:53.832Z"}
{"level":"info","message":"Database connected successfully","timestamp":"2024-07-08T14:23:03.727Z"}
{"level":"info","message":"Database connected successfully","timestamp":"2024-07-08T14:23:15.746Z"}
{"level":"info","message":"Database connected successfully","timestamp":"2024-07-08T14:23:52.349Z"}
{"level":"info","message":"Database connected successfully","timestamp":"2024-07-08T14:24:23.849Z"}
{"level":"info","message":"{\"method\":\"POST\",\"url\":\"/user/upload-profile-image\",\"status\":\"200\",\"responseTime\":\"24.978\"}","timestamp":"2024-07-08T14:24:27.862Z"}
{"level":"info","message":"Database connected successfully","timestamp":"2024-07-08T14:25:07.177Z"}
{"level":"info","message":"Database connected successfully","timestamp":"2024-07-08T14:25:23.742Z"}
{"level":"info","message":"{\"method\":\"POST\",\"url\":\"/user/upload-profile-image\",\"status\":\"200\",\"responseTime\":\"8.773\"}","timestamp":"2024-07-08T14:25:25.042Z"}
{"level":"info","message":"{\"method\":\"POST\",\"url\":\"/user/upload-profile-image\",\"status\":\"500\",\"responseTime\":\"16.614\"}","timestamp":"2024-07-08T14:25:33.771Z"}
{"level":"info","message":"{\"method\":\"POST\",\"url\":\"/user/upload-profile-image\",\"status\":\"200\",\"responseTime\":\"22.061\"}","timestamp":"2024-07-08T14:26:05.812Z"}
{"level":"info","message":"Database connected successfully","timestamp":"2024-07-08T14:26:06.878Z"}
{"level":"info","message":"Database connected successfully","timestamp":"2024-07-08T14:29:20.490Z"}
{"level":"info","message":"Database connected successfully","timestamp":"2024-07-08T14:30:00.155Z"}
{"level":"info","message":"Database connected successfully","timestamp":"2024-07-08T14:30:10.389Z"}
{"level":"info","message":"Database connected successfully","timestamp":"2024-07-08T14:31:10.061Z"}
{"level":"info","message":"Database connected successfully","timestamp":"2024-07-08T14:32:27.507Z"}
{"level":"info","message":"Database connected successfully","timestamp":"2024-07-08T14:32:45.932Z"}
{"level":"info","message":"Database connected successfully","timestamp":"2024-07-08T14:32:53.605Z"}
{"level":"info","message":"Database connected successfully","timestamp":"2024-07-08T14:38:55.310Z"}
{"level":"info","message":"Database connected successfully","timestamp":"2024-07-08T14:39:12.296Z"}
{"level":"info","message":"Database connected successfully","timestamp":"2024-07-08T14:39:48.801Z"}
{"level":"info","message":"Database connected successfully","timestamp":"2024-07-08T14:40:13.859Z"}
{"level":"info","message":"Database connected successfully","timestamp":"2024-07-08T14:40:21.951Z"}
{"level":"error","message":"Please provide an image","timestamp":"2024-07-08T14:40:38.411Z"}
{"level":"info","message":"{\"method\":\"POST\",\"url\":\"/user/upload-profile-image\",\"status\":\"400\",\"responseTime\":\"52.558\"}","timestamp":"2024-07-08T14:40:38.422Z"}
{"level":"error","message":"Please provide an image","timestamp":"2024-07-08T14:41:02.609Z"}
{"level":"info","message":"{\"method\":\"POST\",\"url\":\"/user/upload-profile-image\",\"status\":\"400\",\"responseTime\":\"47.552\"}","timestamp":"2024-07-08T14:41:02.612Z"}
{"level":"info","message":"Database connected successfully","timestamp":"2024-07-08T14:43:20.976Z"}
{"level":"info","message":"Database connected successfully","timestamp":"2024-07-08T14:44:02.294Z"}
{"level":"info","message":"Database connected successfully","timestamp":"2024-07-08T14:44:10.312Z"}
{"level":"info","message":"Database connected successfully","timestamp":"2024-07-08T14:44:19.334Z"}
{"level":"info","message":"Database connected successfully","timestamp":"2024-07-08T14:44:44.494Z"}
{"level":"info","message":"Database connected successfully","timestamp":"2024-07-08T14:58:43.961Z"}
{"level":"error","message":"Cannot read properties of undefined (reading 'trim')","timestamp":"2024-07-08T15:10:39.901Z"}
{"level":"info","message":"{\"method\":\"POST\",\"url\":\"/user/register\",\"status\":\"500\",\"responseTime\":\"16.012\"}","timestamp":"2024-07-08T15:10:39.910Z"}
{"level":"info","message":"Database connected successfully","timestamp":"2024-07-08T15:11:22.793Z"}
{"level":"info","message":"Database connected successfully","timestamp":"2024-07-08T15:11:37.422Z"}
{"level":"info","message":"Database connected successfully","timestamp":"2024-07-08T15:11:43.773Z"}
{"level":"error","message":"Please fill all the fields","timestamp":"2024-07-08T15:11:46.283Z"}
{"level":"info","message":"{\"method\":\"POST\",\"url\":\"/user/register\",\"status\":\"400\",\"responseTime\":\"19.011\"}","timestamp":"2024-07-08T15:11:46.301Z"}
{"level":"info","message":"User created successfully","timestamp":"2024-07-08T15:11:46.714Z"}
{"level":"info","message":"Database connected successfully","timestamp":"2024-07-08T15:14:11.399Z"}
{"level":"error","message":"User already exists","timestamp":"2024-07-08T15:14:14.324Z"}
{"level":"info","message":"{\"method\":\"POST\",\"url\":\"/user/register\",\"status\":\"400\",\"responseTime\":\"250.215\"}","timestamp":"2024-07-08T15:14:14.334Z"}
{"level":"info","message":"User created successfully","timestamp":"2024-07-08T15:14:28.030Z"}
{"level":"info","message":"{\"method\":\"POST\",\"url\":\"/user/register\",\"status\":\"200\",\"responseTime\":\"310.185\"}","timestamp":"2024-07-08T15:14:28.033Z"}
{"level":"info","message":"{\"method\":\"OPTIONS\",\"url\":\"/user/login\",\"status\":\"204\",\"responseTime\":\"0.842\"}","timestamp":"2024-07-08T15:14:50.550Z"}
{"level":"info","message":"{\"method\":\"OPTIONS\",\"url\":\"/user/login\",\"status\":\"204\",\"responseTime\":\"0.257\"}","timestamp":"2024-07-08T15:14:59.507Z"}
{"level":"info","message":"{\"method\":\"POST\",\"url\":\"/user/login\",\"status\":\"-\",\"responseTime\":\"-\"}","timestamp":"2024-07-08T15:15:06.860Z"}
{"level":"info","message":"{\"method\":\"POST\",\"url\":\"/user/login\",\"status\":\"-\",\"responseTime\":\"-\"}","timestamp":"2024-07-08T15:15:06.865Z"}
{"level":"info","message":"{\"method\":\"POST\",\"url\":\"/user/login\",\"status\":\"-\",\"responseTime\":\"-\"}","timestamp":"2024-07-08T15:15:06.871Z"}
{"level":"info","message":"{\"method\":\"POST\",\"url\":\"/user/login\",\"status\":\"-\",\"responseTime\":\"-\"}","timestamp":"2024-07-08T15:15:06.887Z"}
{"level":"info","message":"{\"method\":\"POST\",\"url\":\"/user/login\",\"status\":\"-\",\"responseTime\":\"-\"}","timestamp":"2024-07-08T15:15:06.889Z"}
{"level":"info","message":"{\"method\":\"POST\",\"url\":\"/user/login\",\"status\":\"-\",\"responseTime\":\"-\"}","timestamp":"2024-07-08T15:15:06.891Z"}
{"level":"info","message":"{\"method\":\"POST\",\"url\":\"/user/login\",\"status\":\"-\",\"responseTime\":\"-\"}","timestamp":"2024-07-08T15:15:06.895Z"}
{"level":"error","message":"getaddrinfo ENOTFOUND ac-e9rg3ph-shard-00-02.qlvee1c.mongodb.net","timestamp":"2024-07-08T15:15:45.385Z"}
{"level":"error","message":"getaddrinfo ENOTFOUND ac-e9rg3ph-shard-00-02.qlvee1c.mongodb.net","timestamp":"2024-07-08T15:15:45.388Z"}
{"level":"error","message":"getaddrinfo ENOTFOUND ac-e9rg3ph-shard-00-02.qlvee1c.mongodb.net","timestamp":"2024-07-08T15:15:45.390Z"}
{"level":"error","message":"getaddrinfo ENOTFOUND ac-e9rg3ph-shard-00-02.qlvee1c.mongodb.net","timestamp":"2024-07-08T15:15:45.395Z"}
{"level":"error","message":"getaddrinfo ENOTFOUND ac-e9rg3ph-shard-00-02.qlvee1c.mongodb.net","timestamp":"2024-07-08T15:15:45.406Z"}
{"level":"error","message":"getaddrinfo ENOTFOUND ac-e9rg3ph-shard-00-02.qlvee1c.mongodb.net","timestamp":"2024-07-08T15:15:50.574Z"}
{"level":"error","message":"getaddrinfo ENOTFOUND ac-e9rg3ph-shard-00-02.qlvee1c.mongodb.net","timestamp":"2024-07-08T15:15:54.757Z"}
{"level":"info","message":"Database connected successfully","timestamp":"2024-07-08T15:17:02.217Z"}
{"level":"info","message":"{\"method\":\"OPTIONS\",\"url\":\"/user/login\",\"status\":\"204\",\"responseTime\":\"2.511\"}","timestamp":"2024-07-08T15:17:06.526Z"}
{"level":"info","message":"eyJhbGciOiJIUzI1NiIsInR5cCI6IkpXVCJ9.eyJlbWFpbCI6Im1odXNzYWluQGdtYWlsLmNvbSIsImlhdCI6MTcyMDQ1MTgyNiwiZXhwIjoxNzIwNDU1NDI2fQ.AZnF_8NnJfCHDCqHvSzJyuYB7pxcVUZh9ICboHgqr9g","timestamp":"2024-07-08T15:17:06.755Z"}
{"level":"info","message":"{\"method\":\"POST\",\"url\":\"/user/login\",\"status\":\"200\",\"responseTime\":\"202.394\"}","timestamp":"2024-07-08T15:17:06.760Z"}
{"level":"info","message":"{\"method\":\"OPTIONS\",\"url\":\"/user/is-user\",\"status\":\"204\",\"responseTime\":\"0.291\"}","timestamp":"2024-07-08T15:18:40.422Z"}
{"level":"info","message":"{\"method\":\"OPTIONS\",\"url\":\"/user/register\",\"status\":\"204\",\"responseTime\":\"0.360\"}","timestamp":"2024-07-08T15:18:40.427Z"}
{"level":"error","message":"User does not exist","timestamp":"2024-07-08T15:18:40.512Z"}
{"level":"info","message":"{\"method\":\"POST\",\"url\":\"/user/is-user\",\"status\":\"200\",\"responseTime\":\"82.331\"}","timestamp":"2024-07-08T15:18:40.514Z"}
{"level":"info","message":"{\"method\":\"OPTIONS\",\"url\":\"/user/is-user\",\"status\":\"204\",\"responseTime\":\"0.356\"}","timestamp":"2024-07-08T15:18:48.362Z"}
{"level":"info","message":"{\"method\":\"OPTIONS\",\"url\":\"/user/register\",\"status\":\"204\",\"responseTime\":\"0.299\"}","timestamp":"2024-07-08T15:18:48.367Z"}
{"level":"error","message":"User does not exist","timestamp":"2024-07-08T15:18:48.450Z"}
{"level":"info","message":"{\"method\":\"POST\",\"url\":\"/user/is-user\",\"status\":\"200\",\"responseTime\":\"81.318\"}","timestamp":"2024-07-08T15:18:48.452Z"}
{"level":"error","message":"User does not exist","timestamp":"2024-07-08T15:18:50.609Z"}
{"level":"info","message":"{\"method\":\"POST\",\"url\":\"/user/is-user\",\"status\":\"200\",\"responseTime\":\"81.670\"}","timestamp":"2024-07-08T15:18:50.611Z"}
{"level":"error","message":"User does not exist","timestamp":"2024-07-08T15:18:51.103Z"}
{"level":"info","message":"{\"method\":\"POST\",\"url\":\"/user/is-user\",\"status\":\"200\",\"responseTime\":\"80.896\"}","timestamp":"2024-07-08T15:18:51.105Z"}
{"level":"error","message":"User does not exist","timestamp":"2024-07-08T15:18:51.297Z"}
{"level":"info","message":"{\"method\":\"POST\",\"url\":\"/user/is-user\",\"status\":\"200\",\"responseTime\":\"83.011\"}","timestamp":"2024-07-08T15:18:51.299Z"}
{"level":"error","message":"User does not exist","timestamp":"2024-07-08T15:18:51.529Z"}
{"level":"info","message":"{\"method\":\"POST\",\"url\":\"/user/is-user\",\"status\":\"200\",\"responseTime\":\"81.656\"}","timestamp":"2024-07-08T15:18:51.531Z"}
{"level":"info","message":"Database connected successfully","timestamp":"2024-07-08T15:39:57.807Z"}
{"level":"info","message":"Database connected successfully","timestamp":"2024-07-08T15:51:19.648Z"}
{"level":"info","message":"Database connected successfully","timestamp":"2024-07-08T15:51:34.953Z"}
{"level":"info","message":"Database connected successfully","timestamp":"2024-07-08T15:51:49.156Z"}
{"level":"info","message":"Database connected successfully","timestamp":"2024-07-08T15:51:54.324Z"}
{"level":"info","message":"Database connected successfully","timestamp":"2024-07-08T15:52:08.929Z"}
{"level":"info","message":"Database connected successfully","timestamp":"2024-07-08T15:54:56.650Z"}
{"level":"info","message":"{\"method\":\"OPTIONS\",\"url\":\"/user/login\",\"status\":\"204\",\"responseTime\":\"2.431\"}","timestamp":"2024-07-08T15:55:41.708Z"}
{"level":"error","message":"User not approved by admin","timestamp":"2024-07-08T15:55:41.829Z"}
{"level":"info","message":"{\"method\":\"POST\",\"url\":\"/user/login\",\"status\":\"400\",\"responseTime\":\"88.416\"}","timestamp":"2024-07-08T15:55:41.834Z"}
{"level":"info","message":"User created successfully","timestamp":"2024-07-08T15:56:28.874Z"}
{"level":"info","message":"{\"method\":\"POST\",\"url\":\"/user/register\",\"status\":\"200\",\"responseTime\":\"302.526\"}","timestamp":"2024-07-08T15:56:28.875Z"}
{"level":"info","message":"{\"method\":\"OPTIONS\",\"url\":\"/user/login\",\"status\":\"204\",\"responseTime\":\"0.493\"}","timestamp":"2024-07-08T15:57:09.732Z"}
{"level":"error","message":"User not approved by admin","timestamp":"2024-07-08T15:57:09.809Z"}
{"level":"info","message":"{\"method\":\"POST\",\"url\":\"/user/login\",\"status\":\"400\",\"responseTime\":\"74.799\"}","timestamp":"2024-07-08T15:57:09.811Z"}
{"level":"info","message":"Database connected successfully","timestamp":"2024-07-08T15:59:20.573Z"}
{"level":"info","message":"{\"method\":\"OPTIONS\",\"url\":\"/user/login\",\"status\":\"204\",\"responseTime\":\"1.717\"}","timestamp":"2024-07-08T16:02:55.423Z"}
{"level":"error","message":"User not approved by admin","timestamp":"2024-07-08T16:02:55.533Z"}
{"level":"info","message":"{\"method\":\"POST\",\"url\":\"/user/login\",\"status\":\"400\",\"responseTime\":\"79.658\"}","timestamp":"2024-07-08T16:02:55.537Z"}
{"level":"error","message":"User not approved by admin","timestamp":"2024-07-08T16:02:57.700Z"}
{"level":"info","message":"{\"method\":\"POST\",\"url\":\"/user/login\",\"status\":\"400\",\"responseTime\":\"66.849\"}","timestamp":"2024-07-08T16:02:57.702Z"}
{"level":"error","message":"User not approved by admin","timestamp":"2024-07-08T16:02:58.430Z"}
{"level":"info","message":"{\"method\":\"POST\",\"url\":\"/user/login\",\"status\":\"400\",\"responseTime\":\"68.379\"}","timestamp":"2024-07-08T16:02:58.432Z"}
{"level":"error","message":"User not approved by admin","timestamp":"2024-07-08T16:02:58.805Z"}
{"level":"info","message":"{\"method\":\"POST\",\"url\":\"/user/login\",\"status\":\"400\",\"responseTime\":\"68.488\"}","timestamp":"2024-07-08T16:02:58.808Z"}
{"level":"error","message":"User not approved by admin","timestamp":"2024-07-08T16:02:59.022Z"}
{"level":"info","message":"{\"method\":\"POST\",\"url\":\"/user/login\",\"status\":\"400\",\"responseTime\":\"70.001\"}","timestamp":"2024-07-08T16:02:59.025Z"}
{"level":"error","message":"User not approved by admin","timestamp":"2024-07-08T16:02:59.211Z"}
{"level":"info","message":"{\"method\":\"POST\",\"url\":\"/user/login\",\"status\":\"400\",\"responseTime\":\"66.327\"}","timestamp":"2024-07-08T16:02:59.213Z"}
{"level":"error","message":"User not approved by admin","timestamp":"2024-07-08T16:02:59.390Z"}
{"level":"info","message":"{\"method\":\"POST\",\"url\":\"/user/login\",\"status\":\"400\",\"responseTime\":\"67.063\"}","timestamp":"2024-07-08T16:02:59.392Z"}
{"level":"error","message":"User not approved by admin","timestamp":"2024-07-08T16:02:59.574Z"}
{"level":"info","message":"{\"method\":\"POST\",\"url\":\"/user/login\",\"status\":\"400\",\"responseTime\":\"67.427\"}","timestamp":"2024-07-08T16:02:59.576Z"}
{"level":"error","message":"User not approved by admin","timestamp":"2024-07-08T16:02:59.917Z"}
{"level":"info","message":"{\"method\":\"POST\",\"url\":\"/user/login\",\"status\":\"400\",\"responseTime\":\"67.697\"}","timestamp":"2024-07-08T16:02:59.920Z"}
{"level":"error","message":"User not approved by admin","timestamp":"2024-07-08T16:03:00.300Z"}
{"level":"info","message":"{\"method\":\"POST\",\"url\":\"/user/login\",\"status\":\"400\",\"responseTime\":\"67.535\"}","timestamp":"2024-07-08T16:03:00.302Z"}
{"level":"info","message":"{\"method\":\"OPTIONS\",\"url\":\"/user/login\",\"status\":\"204\",\"responseTime\":\"0.260\"}","timestamp":"2024-07-08T16:03:00.442Z"}
{"level":"error","message":"User not approved by admin","timestamp":"2024-07-08T16:03:00.511Z"}
{"level":"info","message":"{\"method\":\"POST\",\"url\":\"/user/login\",\"status\":\"400\",\"responseTime\":\"66.100\"}","timestamp":"2024-07-08T16:03:00.512Z"}
{"level":"error","message":"User not approved by admin","timestamp":"2024-07-08T16:03:00.703Z"}
{"level":"info","message":"{\"method\":\"POST\",\"url\":\"/user/login\",\"status\":\"400\",\"responseTime\":\"69.422\"}","timestamp":"2024-07-08T16:03:00.705Z"}
{"level":"error","message":"User not approved by admin","timestamp":"2024-07-08T16:03:00.902Z"}
{"level":"info","message":"{\"method\":\"POST\",\"url\":\"/user/login\",\"status\":\"400\",\"responseTime\":\"67.977\"}","timestamp":"2024-07-08T16:03:00.905Z"}
{"level":"error","message":"User not approved by admin","timestamp":"2024-07-08T16:03:01.179Z"}
{"level":"info","message":"{\"method\":\"POST\",\"url\":\"/user/login\",\"status\":\"400\",\"responseTime\":\"66.223\"}","timestamp":"2024-07-08T16:03:01.180Z"}
{"level":"error","message":"User not approved by admin","timestamp":"2024-07-08T16:03:01.420Z"}
{"level":"info","message":"{\"method\":\"POST\",\"url\":\"/user/login\",\"status\":\"400\",\"responseTime\":\"66.580\"}","timestamp":"2024-07-08T16:03:01.422Z"}
{"level":"error","message":"User not approved by admin","timestamp":"2024-07-08T16:03:01.635Z"}
{"level":"info","message":"{\"method\":\"POST\",\"url\":\"/user/login\",\"status\":\"400\",\"responseTime\":\"65.629\"}","timestamp":"2024-07-08T16:03:01.637Z"}
{"level":"info","message":"{\"method\":\"OPTIONS\",\"url\":\"/user/login\",\"status\":\"204\",\"responseTime\":\"0.180\"}","timestamp":"2024-07-08T16:03:50.042Z"}
{"level":"error","message":"User not approved by admin","timestamp":"2024-07-08T16:03:50.110Z"}
{"level":"info","message":"{\"method\":\"POST\",\"url\":\"/user/login\",\"status\":\"400\",\"responseTime\":\"65.693\"}","timestamp":"2024-07-08T16:03:50.111Z"}
{"level":"error","message":"User not approved by admin","timestamp":"2024-07-08T16:03:50.614Z"}
{"level":"info","message":"{\"method\":\"POST\",\"url\":\"/user/login\",\"status\":\"400\",\"responseTime\":\"72.641\"}","timestamp":"2024-07-08T16:03:50.620Z"}
{"level":"info","message":"{\"method\":\"OPTIONS\",\"url\":\"/user/login\",\"status\":\"204\",\"responseTime\":\"0.449\"}","timestamp":"2024-07-08T16:05:25.884Z"}
{"level":"error","message":"User not approved by admin","timestamp":"2024-07-08T16:05:25.952Z"}
{"level":"info","message":"{\"method\":\"POST\",\"url\":\"/user/login\",\"status\":\"400\",\"responseTime\":\"65.735\"}","timestamp":"2024-07-08T16:05:25.954Z"}
{"level":"info","message":"Database connected successfully","timestamp":"2024-07-08T16:14:36.695Z"}
{"level":"info","message":"Database connected successfully","timestamp":"2024-07-08T16:14:42.120Z"}
{"level":"info","message":"Database connected successfully","timestamp":"2024-07-08T16:15:10.346Z"}
{"level":"info","message":"Database connected successfully","timestamp":"2024-07-08T16:15:15.466Z"}
{"level":"info","message":"Database connected successfully","timestamp":"2024-07-08T16:15:34.065Z"}
{"level":"info","message":"Database connected successfully","timestamp":"2024-07-08T16:15:45.394Z"}
{"level":"info","message":"Database connected successfully","timestamp":"2024-07-08T16:16:55.883Z"}
{"level":"info","message":"Database connected successfully","timestamp":"2024-07-08T16:17:23.962Z"}
{"level":"info","message":"Database connected successfully","timestamp":"2024-07-08T16:17:36.939Z"}
{"level":"info","message":"Database connected successfully","timestamp":"2024-07-08T16:18:40.070Z"}
{"level":"info","message":"Database connected successfully","timestamp":"2024-07-08T16:18:47.749Z"}
{"level":"info","message":"Database connected successfully","timestamp":"2024-07-08T16:18:51.115Z"}
{"level":"info","message":"Database connected successfully","timestamp":"2024-07-08T16:19:05.726Z"}
{"level":"info","message":"Database connected successfully","timestamp":"2024-07-08T16:19:12.102Z"}
{"level":"info","message":"Database connected successfully","timestamp":"2024-07-08T16:19:46.333Z"}
{"level":"info","message":"Database connected successfully","timestamp":"2024-07-08T16:28:39.254Z"}
{"level":"info","message":"User created successfully","timestamp":"2024-07-08T16:33:09.358Z"}
{"level":"info","message":"{\"method\":\"POST\",\"url\":\"/user/register\",\"status\":\"200\",\"responseTime\":\"315.645\"}","timestamp":"2024-07-08T16:33:09.365Z"}
{"level":"info","message":"{\"method\":\"OPTIONS\",\"url\":\"/user/login\",\"status\":\"204\",\"responseTime\":\"1.651\"}","timestamp":"2024-07-08T16:34:25.899Z"}
{"level":"error","message":"User not approved by admin","timestamp":"2024-07-08T16:34:25.977Z"}
{"level":"info","message":"{\"method\":\"POST\",\"url\":\"/user/login\",\"status\":\"400\",\"responseTime\":\"75.276\"}","timestamp":"2024-07-08T16:34:25.979Z"}
{"level":"info","message":"{\"method\":\"OPTIONS\",\"url\":\"/user/login\",\"status\":\"204\",\"responseTime\":\"3.350\"}","timestamp":"2024-07-08T16:35:39.370Z"}
{"level":"info","message":"Database connected successfully","timestamp":"2024-07-08T16:35:39.787Z"}
{"level":"error","message":"User not approved by admin","timestamp":"2024-07-08T16:35:39.883Z"}
{"level":"info","message":"{\"method\":\"POST\",\"url\":\"/user/login\",\"status\":\"400\",\"responseTime\":\"483.786\"}","timestamp":"2024-07-08T16:35:39.891Z"}
{"level":"info","message":"{\"method\":\"OPTIONS\",\"url\":\"/user/login\",\"status\":\"204\",\"responseTime\":\"0.587\"}","timestamp":"2024-07-08T16:37:43.365Z"}
{"level":"info","message":"eyJhbGciOiJIUzI1NiIsInR5cCI6IkpXVCJ9.eyJlbWFpbCI6ImFsaW1laGRpQGdtYWlsLmNvbSIsImlhdCI6MTcyMDQ1NjY2MywiZXhwIjoxNzIwNDYwMjYzfQ.y7Q5zxBtki9n7w_92dfcAyVT81fUZn8zuEjlIxG3Jjs","timestamp":"2024-07-08T16:37:43.544Z"}
{"level":"info","message":"{\"method\":\"POST\",\"url\":\"/user/login\",\"status\":\"200\",\"responseTime\":\"176.178\"}","timestamp":"2024-07-08T16:37:43.546Z"}
{"level":"info","message":"{\"method\":\"OPTIONS\",\"url\":\"/user/login\",\"status\":\"204\",\"responseTime\":\"0.223\"}","timestamp":"2024-07-08T16:40:13.574Z"}
{"level":"info","message":"eyJhbGciOiJIUzI1NiIsInR5cCI6IkpXVCJ9.eyJlbWFpbCI6ImFsaW1laGRpQGdtYWlsLmNvbSIsImlhdCI6MTcyMDQ1NjgxMywiZXhwIjoxNzIwNDYwNDEzfQ.RnOoHsTTy75_5e1LCKSPjjE2fhVmwlZsW5iCOfvIK2Y","timestamp":"2024-07-08T16:40:13.750Z"}
{"level":"info","message":"{\"method\":\"POST\",\"url\":\"/user/login\",\"status\":\"200\",\"responseTime\":\"175.406\"}","timestamp":"2024-07-08T16:40:13.753Z"}
{"level":"info","message":"Database connected successfully","timestamp":"2024-07-08T16:42:14.642Z"}
{"level":"info","message":"{\"method\":\"OPTIONS\",\"url\":\"/user/login\",\"status\":\"204\",\"responseTime\":\"1.794\"}","timestamp":"2024-07-08T16:42:25.717Z"}
{"level":"info","message":"eyJhbGciOiJIUzI1NiIsInR5cCI6IkpXVCJ9.eyJlbWFpbCI6ImFsaW1laGRpQGdtYWlsLmNvbSIsImlhdCI6MTcyMDQ1Njk0NSwiZXhwIjoxNzIwNDYwNTQ1fQ.Spaje-G38Px61KXSk99pivwPC07UyXQDxAdUotVPe0Q","timestamp":"2024-07-08T16:42:25.916Z"}
{"level":"info","message":"{\"method\":\"POST\",\"url\":\"/user/login\",\"status\":\"200\",\"responseTime\":\"179.502\"}","timestamp":"2024-07-08T16:42:25.920Z"}
{"level":"info","message":"Database connected successfully","timestamp":"2024-07-08T16:44:21.638Z"}
{"level":"info","message":"Database connected successfully","timestamp":"2024-07-08T16:44:40.082Z"}
{"level":"info","message":"{\"method\":\"OPTIONS\",\"url\":\"/user/login\",\"status\":\"204\",\"responseTime\":\"2.546\"}","timestamp":"2024-07-08T16:46:23.345Z"}
{"level":"info","message":"eyJhbGciOiJIUzI1NiIsInR5cCI6IkpXVCJ9.eyJlbWFpbCI6ImFsaW1laGRpQGdtYWlsLmNvbSIsImlhdCI6MTcyMDQ1NzE4MywiZXhwIjoxNzIwNDYwNzgzfQ.XHgEyvFd0SjZSdaIQ8REdSqsZyMyCBtJYFZxamBj9_k","timestamp":"2024-07-08T16:46:23.567Z"}
{"level":"info","message":"{\"method\":\"POST\",\"url\":\"/user/login\",\"status\":\"200\",\"responseTime\":\"195.581\"}","timestamp":"2024-07-08T16:46:23.571Z"}
